[0.160s] DEBUG:colcon:Command line arguments: ['/usr/bin/colcon', 'build']
[0.160s] DEBUG:colcon:Parsed command line arguments: Namespace(allow_overriding=[], ament_cmake_args=None, base_paths=['.'], build_base='build', catkin_cmake_args=None, catkin_skip_building_tests=False, cmake_args=None, cmake_clean_cache=False, cmake_clean_first=False, cmake_force_configure=False, cmake_target=None, cmake_target_skip_unavailable=False, continue_on_error=False, event_handlers=None, executor='parallel', ignore_user_meta=False, install_base='install', log_base=None, log_level=None, main=<bound method BuildVerb.main of <colcon_core.verb.build.BuildVerb object at 0x7f0646de21c0>>, merge_install=False, metas=['./colcon.meta'], packages_above=None, packages_above_and_dependencies=None, packages_above_depth=None, packages_end=None, packages_ignore=None, packages_ignore_regex=None, packages_select=None, packages_select_build_failed=False, packages_select_by_dep=None, packages_select_regex=None, packages_select_test_failures=False, packages_skip=None, packages_skip_build_finished=False, packages_skip_by_dep=None, packages_skip_regex=None, packages_skip_test_passed=False, packages_skip_up_to=None, packages_start=None, packages_up_to=None, packages_up_to_regex=None, parallel_workers=8, paths=None, symlink_install=False, test_result_base=None, verb_extension=<colcon_core.verb.build.BuildVerb object at 0x7f0646de21c0>, verb_name='build', verb_parser=<colcon_defaults.argument_parser.defaults.DefaultArgumentsDecorator object at 0x7f0646de2700>)
[0.165s] Level 1:colcon.colcon_core.package_discovery:discover_packages(colcon_meta) check parameters
[0.165s] Level 1:colcon.colcon_core.package_discovery:discover_packages(recursive) check parameters
[0.165s] Level 1:colcon.colcon_core.package_discovery:discover_packages(ignore) check parameters
[0.165s] Level 1:colcon.colcon_core.package_discovery:discover_packages(path) check parameters
[0.165s] Level 1:colcon.colcon_core.package_discovery:discover_packages(colcon_meta) discover
[0.166s] Level 1:colcon.colcon_core.package_discovery:discover_packages(recursive) discover
[0.166s] INFO:colcon.colcon_core.package_discovery:Crawling recursively for packages in '/home/youri/stage/tutorials/launch_ws'
[0.166s] Level 1:colcon.colcon_core.package_identification:_identify(.) by extensions ['ignore', 'ignore_ament_install']
[0.166s] Level 1:colcon.colcon_core.package_identification:_identify(.) by extension 'ignore'
[0.166s] Level 1:colcon.colcon_core.package_identification:_identify(.) by extension 'ignore_ament_install'
[0.166s] Level 1:colcon.colcon_core.package_identification:_identify(.) by extensions ['colcon_pkg']
[0.166s] Level 1:colcon.colcon_core.package_identification:_identify(.) by extension 'colcon_pkg'
[0.166s] Level 1:colcon.colcon_core.package_identification:_identify(.) by extensions ['colcon_meta']
[0.166s] Level 1:colcon.colcon_core.package_identification:_identify(.) by extension 'colcon_meta'
[0.166s] Level 1:colcon.colcon_core.package_identification:_identify(.) by extensions ['ros']
[0.166s] Level 1:colcon.colcon_core.package_identification:_identify(.) by extension 'ros'
[0.179s] Level 1:colcon.colcon_core.package_identification:_identify(.) by extensions ['cmake', 'python']
[0.179s] Level 1:colcon.colcon_core.package_identification:_identify(.) by extension 'cmake'
[0.179s] Level 1:colcon.colcon_core.package_identification:_identify(.) by extension 'python'
[0.179s] Level 1:colcon.colcon_core.package_identification:_identify(.) by extensions ['python_setup_py']
[0.179s] Level 1:colcon.colcon_core.package_identification:_identify(.) by extension 'python_setup_py'
[0.179s] Level 1:colcon.colcon_core.package_identification:_identify(build) by extensions ['ignore', 'ignore_ament_install']
[0.179s] Level 1:colcon.colcon_core.package_identification:_identify(build) by extension 'ignore'
[0.179s] Level 1:colcon.colcon_core.package_identification:_identify(build) ignored
[0.180s] Level 1:colcon.colcon_core.package_identification:_identify(install) by extensions ['ignore', 'ignore_ament_install']
[0.180s] Level 1:colcon.colcon_core.package_identification:_identify(install) by extension 'ignore'
[0.180s] Level 1:colcon.colcon_core.package_identification:_identify(install) ignored
[0.180s] Level 1:colcon.colcon_core.package_identification:_identify(log) by extensions ['ignore', 'ignore_ament_install']
[0.180s] Level 1:colcon.colcon_core.package_identification:_identify(log) by extension 'ignore'
[0.180s] Level 1:colcon.colcon_core.package_identification:_identify(log) ignored
[0.180s] Level 1:colcon.colcon_core.package_identification:_identify(src) by extensions ['ignore', 'ignore_ament_install']
[0.180s] Level 1:colcon.colcon_core.package_identification:_identify(src) by extension 'ignore'
[0.180s] Level 1:colcon.colcon_core.package_identification:_identify(src) by extension 'ignore_ament_install'
[0.180s] Level 1:colcon.colcon_core.package_identification:_identify(src) by extensions ['colcon_pkg']
[0.180s] Level 1:colcon.colcon_core.package_identification:_identify(src) by extension 'colcon_pkg'
[0.180s] Level 1:colcon.colcon_core.package_identification:_identify(src) by extensions ['colcon_meta']
[0.180s] Level 1:colcon.colcon_core.package_identification:_identify(src) by extension 'colcon_meta'
[0.181s] Level 1:colcon.colcon_core.package_identification:_identify(src) by extensions ['ros']
[0.181s] Level 1:colcon.colcon_core.package_identification:_identify(src) by extension 'ros'
[0.181s] Level 1:colcon.colcon_core.package_identification:_identify(src) by extensions ['cmake', 'python']
[0.181s] Level 1:colcon.colcon_core.package_identification:_identify(src) by extension 'cmake'
[0.181s] Level 1:colcon.colcon_core.package_identification:_identify(src) by extension 'python'
[0.181s] Level 1:colcon.colcon_core.package_identification:_identify(src) by extensions ['python_setup_py']
[0.181s] Level 1:colcon.colcon_core.package_identification:_identify(src) by extension 'python_setup_py'
[0.181s] Level 1:colcon.colcon_core.package_identification:_identify(src/launch_tutorial) by extensions ['ignore', 'ignore_ament_install']
[0.181s] Level 1:colcon.colcon_core.package_identification:_identify(src/launch_tutorial) by extension 'ignore'
[0.181s] Level 1:colcon.colcon_core.package_identification:_identify(src/launch_tutorial) by extension 'ignore_ament_install'
[0.181s] Level 1:colcon.colcon_core.package_identification:_identify(src/launch_tutorial) by extensions ['colcon_pkg']
[0.181s] Level 1:colcon.colcon_core.package_identification:_identify(src/launch_tutorial) by extension 'colcon_pkg'
[0.181s] Level 1:colcon.colcon_core.package_identification:_identify(src/launch_tutorial) by extensions ['colcon_meta']
[0.181s] Level 1:colcon.colcon_core.package_identification:_identify(src/launch_tutorial) by extension 'colcon_meta'
[0.181s] Level 1:colcon.colcon_core.package_identification:_identify(src/launch_tutorial) by extensions ['ros']
[0.181s] Level 1:colcon.colcon_core.package_identification:_identify(src/launch_tutorial) by extension 'ros'
[0.184s] DEBUG:colcon.colcon_core.package_identification:Package 'src/launch_tutorial' with type 'ros.ament_python' and name 'launch_tutorial'
[0.184s] Level 1:colcon.colcon_core.package_identification:_identify(src/my_package) by extensions ['ignore', 'ignore_ament_install']
[0.184s] Level 1:colcon.colcon_core.package_identification:_identify(src/my_package) by extension 'ignore'
[0.184s] Level 1:colcon.colcon_core.package_identification:_identify(src/my_package) by extension 'ignore_ament_install'
[0.184s] Level 1:colcon.colcon_core.package_identification:_identify(src/my_package) by extensions ['colcon_pkg']
[0.184s] Level 1:colcon.colcon_core.package_identification:_identify(src/my_package) by extension 'colcon_pkg'
[0.184s] Level 1:colcon.colcon_core.package_identification:_identify(src/my_package) by extensions ['colcon_meta']
[0.184s] Level 1:colcon.colcon_core.package_identification:_identify(src/my_package) by extension 'colcon_meta'
[0.184s] Level 1:colcon.colcon_core.package_identification:_identify(src/my_package) by extensions ['ros']
[0.184s] Level 1:colcon.colcon_core.package_identification:_identify(src/my_package) by extension 'ros'
[0.185s] DEBUG:colcon.colcon_core.package_identification:Package 'src/my_package' with type 'ros.ament_python' and name 'my_package'
[0.185s] Level 1:colcon.colcon_core.package_discovery:discover_packages(recursive) using defaults
[0.185s] Level 1:colcon.colcon_core.package_discovery:discover_packages(ignore) discover
[0.185s] Level 1:colcon.colcon_core.package_discovery:discover_packages(ignore) using defaults
[0.185s] Level 1:colcon.colcon_core.package_discovery:discover_packages(path) discover
[0.185s] Level 1:colcon.colcon_core.package_discovery:discover_packages(path) using defaults
[0.205s] Level 5:colcon.colcon_core.verb:set package 'launch_tutorial' build argument 'cmake_args' from command line to 'None'
[0.205s] Level 5:colcon.colcon_core.verb:set package 'launch_tutorial' build argument 'cmake_target' from command line to 'None'
[0.205s] Level 5:colcon.colcon_core.verb:set package 'launch_tutorial' build argument 'cmake_target_skip_unavailable' from command line to 'False'
[0.205s] Level 5:colcon.colcon_core.verb:set package 'launch_tutorial' build argument 'cmake_clean_cache' from command line to 'False'
[0.205s] Level 5:colcon.colcon_core.verb:set package 'launch_tutorial' build argument 'cmake_clean_first' from command line to 'False'
[0.205s] Level 5:colcon.colcon_core.verb:set package 'launch_tutorial' build argument 'cmake_force_configure' from command line to 'False'
[0.205s] Level 5:colcon.colcon_core.verb:set package 'launch_tutorial' build argument 'ament_cmake_args' from command line to 'None'
[0.206s] Level 5:colcon.colcon_core.verb:set package 'launch_tutorial' build argument 'catkin_cmake_args' from command line to 'None'
[0.206s] Level 5:colcon.colcon_core.verb:set package 'launch_tutorial' build argument 'catkin_skip_building_tests' from command line to 'False'
[0.206s] DEBUG:colcon.colcon_core.verb:Building package 'launch_tutorial' with the following arguments: {'ament_cmake_args': None, 'build_base': '/home/youri/stage/tutorials/launch_ws/build/launch_tutorial', 'catkin_cmake_args': None, 'catkin_skip_building_tests': False, 'cmake_args': None, 'cmake_clean_cache': False, 'cmake_clean_first': False, 'cmake_force_configure': False, 'cmake_target': None, 'cmake_target_skip_unavailable': False, 'install_base': '/home/youri/stage/tutorials/launch_ws/install/launch_tutorial', 'merge_install': False, 'path': '/home/youri/stage/tutorials/launch_ws/src/launch_tutorial', 'symlink_install': False, 'test_result_base': None}
[0.206s] Level 5:colcon.colcon_core.verb:set package 'my_package' build argument 'cmake_args' from command line to 'None'
[0.206s] Level 5:colcon.colcon_core.verb:set package 'my_package' build argument 'cmake_target' from command line to 'None'
[0.207s] Level 5:colcon.colcon_core.verb:set package 'my_package' build argument 'cmake_target_skip_unavailable' from command line to 'False'
[0.207s] Level 5:colcon.colcon_core.verb:set package 'my_package' build argument 'cmake_clean_cache' from command line to 'False'
[0.207s] Level 5:colcon.colcon_core.verb:set package 'my_package' build argument 'cmake_clean_first' from command line to 'False'
[0.207s] Level 5:colcon.colcon_core.verb:set package 'my_package' build argument 'cmake_force_configure' from command line to 'False'
[0.207s] Level 5:colcon.colcon_core.verb:set package 'my_package' build argument 'ament_cmake_args' from command line to 'None'
[0.207s] Level 5:colcon.colcon_core.verb:set package 'my_package' build argument 'catkin_cmake_args' from command line to 'None'
[0.207s] Level 5:colcon.colcon_core.verb:set package 'my_package' build argument 'catkin_skip_building_tests' from command line to 'False'
[0.207s] DEBUG:colcon.colcon_core.verb:Building package 'my_package' with the following arguments: {'ament_cmake_args': None, 'build_base': '/home/youri/stage/tutorials/launch_ws/build/my_package', 'catkin_cmake_args': None, 'catkin_skip_building_tests': False, 'cmake_args': None, 'cmake_clean_cache': False, 'cmake_clean_first': False, 'cmake_force_configure': False, 'cmake_target': None, 'cmake_target_skip_unavailable': False, 'install_base': '/home/youri/stage/tutorials/launch_ws/install/my_package', 'merge_install': False, 'path': '/home/youri/stage/tutorials/launch_ws/src/my_package', 'symlink_install': False, 'test_result_base': None}
[0.210s] INFO:colcon.colcon_core.executor:Executing jobs using 'parallel' executor
[0.212s] DEBUG:colcon.colcon_parallel_executor.executor.parallel:run_until_complete
[0.213s] INFO:colcon.colcon_ros.task.ament_python.build:Building ROS package in '/home/youri/stage/tutorials/launch_ws/src/launch_tutorial' with build type 'ament_python'
[0.213s] Level 1:colcon.colcon_core.shell:create_environment_hook('launch_tutorial', 'ament_prefix_path')
[0.218s] INFO:colcon.colcon_core.plugin_system:Skipping extension 'colcon_core.shell.bat': Not used on non-Windows systems
[0.218s] INFO:colcon.colcon_core.shell:Creating environment hook '/home/youri/stage/tutorials/launch_ws/install/launch_tutorial/share/launch_tutorial/hook/ament_prefix_path.ps1'
[0.219s] INFO:colcon.colcon_core.shell:Creating environment descriptor '/home/youri/stage/tutorials/launch_ws/install/launch_tutorial/share/launch_tutorial/hook/ament_prefix_path.dsv'
[0.219s] INFO:colcon.colcon_core.shell:Creating environment hook '/home/youri/stage/tutorials/launch_ws/install/launch_tutorial/share/launch_tutorial/hook/ament_prefix_path.sh'
[0.220s] INFO:colcon.colcon_core.shell:Skip shell extension 'powershell' for command environment: Not usable outside of PowerShell
[0.220s] DEBUG:colcon.colcon_core.shell:Skip shell extension 'dsv' for command environment
[0.227s] INFO:colcon.colcon_ros.task.ament_python.build:Building ROS package in '/home/youri/stage/tutorials/launch_ws/src/my_package' with build type 'ament_python'
[0.227s] Level 1:colcon.colcon_core.shell:create_environment_hook('my_package', 'ament_prefix_path')
[0.228s] INFO:colcon.colcon_core.shell:Creating environment hook '/home/youri/stage/tutorials/launch_ws/install/my_package/share/my_package/hook/ament_prefix_path.ps1'
[0.231s] INFO:colcon.colcon_core.shell:Creating environment descriptor '/home/youri/stage/tutorials/launch_ws/install/my_package/share/my_package/hook/ament_prefix_path.dsv'
[0.232s] INFO:colcon.colcon_core.shell:Creating environment hook '/home/youri/stage/tutorials/launch_ws/install/my_package/share/my_package/hook/ament_prefix_path.sh'
[0.233s] INFO:colcon.colcon_core.shell:Skip shell extension 'powershell' for command environment: Not usable outside of PowerShell
[0.233s] DEBUG:colcon.colcon_core.shell:Skip shell extension 'dsv' for command environment
[0.519s] INFO:colcon.colcon_core.task.python.build:Building Python package in '/home/youri/stage/tutorials/launch_ws/src/launch_tutorial'
[0.520s] INFO:colcon.colcon_core.shell:Skip shell extension 'powershell' for command environment: Not usable outside of PowerShell
[0.520s] DEBUG:colcon.colcon_core.shell:Skip shell extension 'dsv' for command environment
[0.783s] INFO:colcon.colcon_core.task.python.build:Building Python package in '/home/youri/stage/tutorials/launch_ws/src/my_package'
[0.784s] INFO:colcon.colcon_core.shell:Skip shell extension 'powershell' for command environment: Not usable outside of PowerShell
[0.784s] DEBUG:colcon.colcon_core.shell:Skip shell extension 'dsv' for command environment
[1.397s] DEBUG:colcon.colcon_core.event_handler.log_command:Invoking command in '/home/youri/stage/tutorials/launch_ws/src/launch_tutorial': PYTHONPATH=/home/youri/stage/tutorials/launch_ws/install/launch_tutorial/lib/python3.8/site-packages:${PYTHONPATH} /usr/bin/python3 setup.py egg_info --egg-base ../../build/launch_tutorial build --build-base /home/youri/stage/tutorials/launch_ws/build/launch_tutorial/build install --prefix /home/youri/stage/tutorials/launch_ws/install/launch_tutorial --record /home/youri/stage/tutorials/launch_ws/build/launch_tutorial/install.log --single-version-externally-managed
[1.406s] DEBUG:colcon.colcon_core.event_handler.log_command:Invoking command in '/home/youri/stage/tutorials/launch_ws/src/my_package': PYTHONPATH=/home/youri/stage/tutorials/launch_ws/install/my_package/lib/python3.8/site-packages:${PYTHONPATH} /usr/bin/python3 setup.py egg_info --egg-base ../../build/my_package build --build-base /home/youri/stage/tutorials/launch_ws/build/my_package/build install --prefix /home/youri/stage/tutorials/launch_ws/install/my_package --record /home/youri/stage/tutorials/launch_ws/build/my_package/install.log --single-version-externally-managed
[1.837s] DEBUG:colcon.colcon_core.event_handler.log_command:Invoked command in '/home/youri/stage/tutorials/launch_ws/src/launch_tutorial' returned '0': PYTHONPATH=/home/youri/stage/tutorials/launch_ws/install/launch_tutorial/lib/python3.8/site-packages:${PYTHONPATH} /usr/bin/python3 setup.py egg_info --egg-base ../../build/launch_tutorial build --build-base /home/youri/stage/tutorials/launch_ws/build/launch_tutorial/build install --prefix /home/youri/stage/tutorials/launch_ws/install/launch_tutorial --record /home/youri/stage/tutorials/launch_ws/build/launch_tutorial/install.log --single-version-externally-managed
[1.843s] Level 1:colcon.colcon_core.environment:checking '/home/youri/stage/tutorials/launch_ws/install/launch_tutorial' for CMake module files
[1.843s] Level 1:colcon.colcon_core.environment:checking '/home/youri/stage/tutorials/launch_ws/install/launch_tutorial' for CMake config files
[1.844s] Level 1:colcon.colcon_core.environment:checking '/home/youri/stage/tutorials/launch_ws/install/launch_tutorial/lib'
[1.845s] Level 1:colcon.colcon_core.environment:checking '/home/youri/stage/tutorials/launch_ws/install/launch_tutorial/bin'
[1.845s] Level 1:colcon.colcon_core.environment:checking '/home/youri/stage/tutorials/launch_ws/install/launch_tutorial/lib/pkgconfig/launch_tutorial.pc'
[1.845s] Level 1:colcon.colcon_core.environment:checking '/home/youri/stage/tutorials/launch_ws/install/launch_tutorial/lib/python3.8/site-packages'
[1.845s] Level 1:colcon.colcon_core.shell:create_environment_hook('launch_tutorial', 'pythonpath')
[1.846s] INFO:colcon.colcon_core.shell:Creating environment hook '/home/youri/stage/tutorials/launch_ws/install/launch_tutorial/share/launch_tutorial/hook/pythonpath.ps1'
[1.847s] INFO:colcon.colcon_core.shell:Creating environment descriptor '/home/youri/stage/tutorials/launch_ws/install/launch_tutorial/share/launch_tutorial/hook/pythonpath.dsv'
[1.848s] INFO:colcon.colcon_core.shell:Creating environment hook '/home/youri/stage/tutorials/launch_ws/install/launch_tutorial/share/launch_tutorial/hook/pythonpath.sh'
[1.849s] Level 1:colcon.colcon_core.environment:create_environment_scripts_only(launch_tutorial)
[1.849s] INFO:colcon.colcon_core.shell:Creating package script '/home/youri/stage/tutorials/launch_ws/install/launch_tutorial/share/launch_tutorial/package.ps1'
[1.851s] INFO:colcon.colcon_core.shell:Creating package descriptor '/home/youri/stage/tutorials/launch_ws/install/launch_tutorial/share/launch_tutorial/package.dsv'
[1.851s] INFO:colcon.colcon_core.shell:Creating package script '/home/youri/stage/tutorials/launch_ws/install/launch_tutorial/share/launch_tutorial/package.sh'
[1.853s] INFO:colcon.colcon_core.shell:Creating package script '/home/youri/stage/tutorials/launch_ws/install/launch_tutorial/share/launch_tutorial/package.bash'
[1.854s] INFO:colcon.colcon_core.shell:Creating package script '/home/youri/stage/tutorials/launch_ws/install/launch_tutorial/share/launch_tutorial/package.zsh'
[1.854s] Level 1:colcon.colcon_core.environment:create_file_with_runtime_dependencies(/home/youri/stage/tutorials/launch_ws/install/launch_tutorial/share/colcon-core/packages/launch_tutorial)
[1.858s] Level 1:colcon.colcon_core.environment:checking '/home/youri/stage/tutorials/launch_ws/install/my_package' for CMake module files
[1.859s] DEBUG:colcon.colcon_core.event_handler.log_command:Invoked command in '/home/youri/stage/tutorials/launch_ws/src/my_package' returned '0': PYTHONPATH=/home/youri/stage/tutorials/launch_ws/install/my_package/lib/python3.8/site-packages:${PYTHONPATH} /usr/bin/python3 setup.py egg_info --egg-base ../../build/my_package build --build-base /home/youri/stage/tutorials/launch_ws/build/my_package/build install --prefix /home/youri/stage/tutorials/launch_ws/install/my_package --record /home/youri/stage/tutorials/launch_ws/build/my_package/install.log --single-version-externally-managed
[1.859s] Level 1:colcon.colcon_core.environment:checking '/home/youri/stage/tutorials/launch_ws/install/my_package' for CMake config files
[1.861s] Level 1:colcon.colcon_core.environment:checking '/home/youri/stage/tutorials/launch_ws/install/my_package/lib'
[1.861s] Level 1:colcon.colcon_core.environment:checking '/home/youri/stage/tutorials/launch_ws/install/my_package/bin'
[1.861s] Level 1:colcon.colcon_core.environment:checking '/home/youri/stage/tutorials/launch_ws/install/my_package/lib/pkgconfig/my_package.pc'
[1.861s] Level 1:colcon.colcon_core.environment:checking '/home/youri/stage/tutorials/launch_ws/install/my_package/lib/python3.8/site-packages'
[1.861s] Level 1:colcon.colcon_core.shell:create_environment_hook('my_package', 'pythonpath')
[1.862s] INFO:colcon.colcon_core.shell:Creating environment hook '/home/youri/stage/tutorials/launch_ws/install/my_package/share/my_package/hook/pythonpath.ps1'
[1.862s] INFO:colcon.colcon_core.shell:Creating environment descriptor '/home/youri/stage/tutorials/launch_ws/install/my_package/share/my_package/hook/pythonpath.dsv'
[1.863s] INFO:colcon.colcon_core.shell:Creating environment hook '/home/youri/stage/tutorials/launch_ws/install/my_package/share/my_package/hook/pythonpath.sh'
[1.863s] Level 1:colcon.colcon_core.environment:create_environment_scripts_only(my_package)
[1.864s] INFO:colcon.colcon_core.shell:Creating package script '/home/youri/stage/tutorials/launch_ws/install/my_package/share/my_package/package.ps1'
[1.865s] INFO:colcon.colcon_core.shell:Creating package descriptor '/home/youri/stage/tutorials/launch_ws/install/my_package/share/my_package/package.dsv'
[1.865s] INFO:colcon.colcon_core.shell:Creating package script '/home/youri/stage/tutorials/launch_ws/install/my_package/share/my_package/package.sh'
[1.866s] INFO:colcon.colcon_core.shell:Creating package script '/home/youri/stage/tutorials/launch_ws/install/my_package/share/my_package/package.bash'
[1.866s] INFO:colcon.colcon_core.shell:Creating package script '/home/youri/stage/tutorials/launch_ws/install/my_package/share/my_package/package.zsh'
[1.867s] Level 1:colcon.colcon_core.environment:create_file_with_runtime_dependencies(/home/youri/stage/tutorials/launch_ws/install/my_package/share/colcon-core/packages/my_package)
[1.867s] DEBUG:colcon.colcon_parallel_executor.executor.parallel:closing loop
[1.868s] DEBUG:colcon.colcon_parallel_executor.executor.parallel:loop closed
[1.868s] DEBUG:colcon.colcon_parallel_executor.executor.parallel:run_until_complete finished with '0'
[1.868s] DEBUG:colcon.colcon_core.event_reactor:joining thread
[1.878s] INFO:colcon.colcon_core.plugin_system:Skipping extension 'colcon_notification.desktop_notification.terminal_notifier': Not used on non-Darwin systems
[1.878s] INFO:colcon.colcon_core.plugin_system:Skipping extension 'colcon_notification.desktop_notification.win32': Not used on non-Windows systems
[1.879s] INFO:colcon.colcon_notification.desktop_notification:Sending desktop notification using 'notify2'
[1.902s] DEBUG:colcon.colcon_core.event_reactor:joined thread
[1.903s] INFO:colcon.colcon_core.shell:Creating prefix script '/home/youri/stage/tutorials/launch_ws/install/local_setup.ps1'
[1.904s] INFO:colcon.colcon_core.shell:Creating prefix util module '/home/youri/stage/tutorials/launch_ws/install/_local_setup_util_ps1.py'
[1.907s] INFO:colcon.colcon_core.shell:Creating prefix chain script '/home/youri/stage/tutorials/launch_ws/install/setup.ps1'
[1.909s] INFO:colcon.colcon_core.shell:Creating prefix script '/home/youri/stage/tutorials/launch_ws/install/local_setup.sh'
[1.910s] INFO:colcon.colcon_core.shell:Creating prefix util module '/home/youri/stage/tutorials/launch_ws/install/_local_setup_util_sh.py'
[1.910s] INFO:colcon.colcon_core.shell:Creating prefix chain script '/home/youri/stage/tutorials/launch_ws/install/setup.sh'
[1.912s] INFO:colcon.colcon_core.shell:Creating prefix script '/home/youri/stage/tutorials/launch_ws/install/local_setup.bash'
[1.913s] INFO:colcon.colcon_core.shell:Creating prefix chain script '/home/youri/stage/tutorials/launch_ws/install/setup.bash'
[1.915s] INFO:colcon.colcon_core.shell:Creating prefix script '/home/youri/stage/tutorials/launch_ws/install/local_setup.zsh'
[1.916s] INFO:colcon.colcon_core.shell:Creating prefix chain script '/home/youri/stage/tutorials/launch_ws/install/setup.zsh'
