[1.328s] Invoking command in '/home/youri/stage/tutorials/launch_ws/src/my_package': PYTHONPATH=/home/youri/stage/tutorials/launch_ws/install/my_package/lib/python3.8/site-packages:${PYTHONPATH} /usr/bin/python3 setup.py egg_info --egg-base ../../build/my_package build --build-base /home/youri/stage/tutorials/launch_ws/build/my_package/build install --prefix /home/youri/stage/tutorials/launch_ws/install/my_package --record /home/youri/stage/tutorials/launch_ws/build/my_package/install.log --single-version-externally-managed
[1.680s] running egg_info
[1.681s] writing ../../build/my_package/my_package.egg-info/PKG-INFO
[1.682s] writing dependency_links to ../../build/my_package/my_package.egg-info/dependency_links.txt
[1.682s] writing entry points to ../../build/my_package/my_package.egg-info/entry_points.txt
[1.683s] writing requirements to ../../build/my_package/my_package.egg-info/requires.txt
[1.683s] writing top-level names to ../../build/my_package/my_package.egg-info/top_level.txt
[1.738s] reading manifest file '../../build/my_package/my_package.egg-info/SOURCES.txt'
[1.739s] writing manifest file '../../build/my_package/my_package.egg-info/SOURCES.txt'
[1.740s] running build
[1.740s] running build_py
[1.740s] running install
[1.741s] running install_lib
[1.744s] running install_data
[1.745s] running install_egg_info
[1.747s] removing '/home/youri/stage/tutorials/launch_ws/install/my_package/lib/python3.8/site-packages/my_package-0.0.0-py3.8.egg-info' (and everything under it)
[1.748s] Copying ../../build/my_package/my_package.egg-info to /home/youri/stage/tutorials/launch_ws/install/my_package/lib/python3.8/site-packages/my_package-0.0.0-py3.8.egg-info
[1.750s] running install_scripts
[1.776s] writing list of installed files to '/home/youri/stage/tutorials/launch_ws/build/my_package/install.log'
[1.830s] Invoked command in '/home/youri/stage/tutorials/launch_ws/src/my_package' returned '0': PYTHONPATH=/home/youri/stage/tutorials/launch_ws/install/my_package/lib/python3.8/site-packages:${PYTHONPATH} /usr/bin/python3 setup.py egg_info --egg-base ../../build/my_package build --build-base /home/youri/stage/tutorials/launch_ws/build/my_package/build install --prefix /home/youri/stage/tutorials/launch_ws/install/my_package --record /home/youri/stage/tutorials/launch_ws/build/my_package/install.log --single-version-externally-managed
