[0.016s] Invoking command in '/home/youri/action_ws/build/action_tutorials_cpp': AMENT_PREFIX_PATH=/home/youri/action_ws/install/action_tutorials_interfaces:${AMENT_PREFIX_PATH} CMAKE_PREFIX_PATH=/home/youri/action_ws/install/action_tutorials_interfaces:/opt/ros/foxy LD_LIBRARY_PATH=/home/youri/action_ws/install/action_tutorials_interfaces/lib:${LD_LIBRARY_PATH} PYTHONPATH=/home/youri/action_ws/install/action_tutorials_interfaces/lib/python3.8/site-packages:${PYTHONPATH} /usr/bin/cmake --build /home/youri/action_ws/build/action_tutorials_cpp -- -j8 -l8
[0.060s] -- Found ament_cmake: 0.9.9 (/opt/ros/foxy/share/ament_cmake/cmake)
[0.095s] -- Using PYTHON_EXECUTABLE: /usr/bin/python3
[0.351s] -- Found action_tutorials_interfaces: 0.0.0 (/home/youri/action_ws/install/action_tutorials_interfaces/share/action_tutorials_interfaces/cmake)
[0.380s] -- Using all available rosidl_typesupport_c: rosidl_typesupport_fastrtps_c;rosidl_typesupport_introspection_c
[0.384s] -- Found rosidl_adapter: 1.2.1 (/opt/ros/foxy/share/rosidl_adapter/cmake)
[0.547s] -- Using all available rosidl_typesupport_cpp: rosidl_typesupport_fastrtps_cpp;rosidl_typesupport_introspection_cpp
[0.721s] -- Found rclcpp: 2.4.0 (/opt/ros/foxy/share/rclcpp/cmake)
[0.770s] -- Found rmw_implementation_cmake: 1.0.3 (/opt/ros/foxy/share/rmw_implementation_cmake/cmake)
[0.772s] -- Using RMW implementation 'rmw_fastrtps_cpp' as default
[0.969s] -- Found rclcpp_action: 2.4.0 (/opt/ros/foxy/share/rclcpp_action/cmake)
[1.010s] -- Found rclcpp_components: 2.4.0 (/opt/ros/foxy/share/rclcpp_components/cmake)
[1.090s] -- Found ament_lint_auto: 0.9.6 (/opt/ros/foxy/share/ament_lint_auto/cmake)
[1.181s] -- Added test 'copyright' to check source files copyright and LICENSE
[1.182s] -- Added test 'cppcheck' to perform static code analysis on C / C++ code
[1.183s] -- Configured cppcheck include dirs: $<BUILD_INTERFACE:/home/youri/action_ws/src/action_tutorials_cpp/include>
[1.183s] -- Configured cppcheck exclude dirs and/or files: 
[1.184s] -- Added test 'cpplint' to check C / C++ code against the Google style
[1.184s] -- Configured cpplint exclude dirs and/or files: 
[1.185s] -- Added test 'lint_cmake' to check CMake code style
[1.186s] -- Added test 'uncrustify' to check C / C++ code style
[1.186s] -- Configured uncrustify additional arguments: 
[1.187s] -- Added test 'xmllint' to check XML markup files
[1.191s] -- Configuring done
[1.222s] -- Generating done
[1.224s] -- Build files have been written to: /home/youri/action_ws/build/action_tutorials_cpp
[1.264s] [35m[1mScanning dependencies of target fibonacci_action_client[0m
[1.264s] [35m[1mScanning dependencies of target action_client[0m
[1.301s] [ 25%] Built target fibonacci_action_server
[1.303s] [ 50%] Built target action_server
[1.329s] [ 62%] [32mBuilding CXX object CMakeFiles/fibonacci_action_client.dir/rclcpp_components/node_main_fibonacci_action_client.cpp.o[0m
[1.344s] [ 75%] [32mBuilding CXX object CMakeFiles/action_client.dir/src/fibonacci_action_client.cpp.o[0m
[4.525s] [ 87%] [32m[1mLinking CXX executable fibonacci_action_client[0m
[4.732s] [ 87%] Built target fibonacci_action_client
[6.292s] [100%] [32m[1mLinking CXX shared library libaction_client.so[0m
[6.528s] [100%] Built target action_client
[6.543s] Invoked command in '/home/youri/action_ws/build/action_tutorials_cpp' returned '0': AMENT_PREFIX_PATH=/home/youri/action_ws/install/action_tutorials_interfaces:${AMENT_PREFIX_PATH} CMAKE_PREFIX_PATH=/home/youri/action_ws/install/action_tutorials_interfaces:/opt/ros/foxy LD_LIBRARY_PATH=/home/youri/action_ws/install/action_tutorials_interfaces/lib:${LD_LIBRARY_PATH} PYTHONPATH=/home/youri/action_ws/install/action_tutorials_interfaces/lib/python3.8/site-packages:${PYTHONPATH} /usr/bin/cmake --build /home/youri/action_ws/build/action_tutorials_cpp -- -j8 -l8
[6.598s] Invoking command in '/home/youri/action_ws/build/action_tutorials_cpp': AMENT_PREFIX_PATH=/home/youri/action_ws/install/action_tutorials_interfaces:${AMENT_PREFIX_PATH} CMAKE_PREFIX_PATH=/home/youri/action_ws/install/action_tutorials_interfaces:/opt/ros/foxy LD_LIBRARY_PATH=/home/youri/action_ws/install/action_tutorials_interfaces/lib:${LD_LIBRARY_PATH} PYTHONPATH=/home/youri/action_ws/install/action_tutorials_interfaces/lib/python3.8/site-packages:${PYTHONPATH} /usr/bin/cmake --install /home/youri/action_ws/build/action_tutorials_cpp
[6.614s] -- Install configuration: ""
[6.615s] -- Installing: /home/youri/action_ws/install/action_tutorials_cpp/lib/action_tutorials_cpp/fibonacci_action_client
[6.616s] -- Set runtime path of "/home/youri/action_ws/install/action_tutorials_cpp/lib/action_tutorials_cpp/fibonacci_action_client" to ""
[6.616s] -- Installing: /home/youri/action_ws/install/action_tutorials_cpp/lib/libaction_client.so
[6.620s] -- Set runtime path of "/home/youri/action_ws/install/action_tutorials_cpp/lib/libaction_client.so" to ""
[6.620s] -- Up-to-date: /home/youri/action_ws/install/action_tutorials_cpp/lib/action_tutorials_cpp/fibonacci_action_server
[6.621s] -- Up-to-date: /home/youri/action_ws/install/action_tutorials_cpp/lib/libaction_server.so
[6.622s] -- Up-to-date: /home/youri/action_ws/install/action_tutorials_cpp/share/ament_index/resource_index/package_run_dependencies/action_tutorials_cpp
[6.623s] -- Up-to-date: /home/youri/action_ws/install/action_tutorials_cpp/share/ament_index/resource_index/parent_prefix_path/action_tutorials_cpp
[6.623s] -- Up-to-date: /home/youri/action_ws/install/action_tutorials_cpp/share/action_tutorials_cpp/environment/ament_prefix_path.sh
[6.623s] -- Installing: /home/youri/action_ws/install/action_tutorials_cpp/share/action_tutorials_cpp/environment/ament_prefix_path.dsv
[6.623s] -- Up-to-date: /home/youri/action_ws/install/action_tutorials_cpp/share/action_tutorials_cpp/environment/path.sh
[6.624s] -- Installing: /home/youri/action_ws/install/action_tutorials_cpp/share/action_tutorials_cpp/environment/path.dsv
[6.624s] -- Up-to-date: /home/youri/action_ws/install/action_tutorials_cpp/share/action_tutorials_cpp/local_setup.bash
[6.624s] -- Up-to-date: /home/youri/action_ws/install/action_tutorials_cpp/share/action_tutorials_cpp/local_setup.sh
[6.625s] -- Up-to-date: /home/youri/action_ws/install/action_tutorials_cpp/share/action_tutorials_cpp/local_setup.zsh
[6.625s] -- Installing: /home/youri/action_ws/install/action_tutorials_cpp/share/action_tutorials_cpp/local_setup.dsv
[6.625s] -- Installing: /home/youri/action_ws/install/action_tutorials_cpp/share/action_tutorials_cpp/package.dsv
[6.625s] -- Up-to-date: /home/youri/action_ws/install/action_tutorials_cpp/share/ament_index/resource_index/packages/action_tutorials_cpp
[6.626s] -- Installing: /home/youri/action_ws/install/action_tutorials_cpp/share/ament_index/resource_index/rclcpp_components/action_tutorials_cpp
[6.626s] -- Up-to-date: /home/youri/action_ws/install/action_tutorials_cpp/share/action_tutorials_cpp/cmake/action_tutorials_cppConfig.cmake
[6.626s] -- Up-to-date: /home/youri/action_ws/install/action_tutorials_cpp/share/action_tutorials_cpp/cmake/action_tutorials_cppConfig-version.cmake
[6.626s] -- Up-to-date: /home/youri/action_ws/install/action_tutorials_cpp/share/action_tutorials_cpp/package.xml
[6.631s] Invoked command in '/home/youri/action_ws/build/action_tutorials_cpp' returned '0': AMENT_PREFIX_PATH=/home/youri/action_ws/install/action_tutorials_interfaces:${AMENT_PREFIX_PATH} CMAKE_PREFIX_PATH=/home/youri/action_ws/install/action_tutorials_interfaces:/opt/ros/foxy LD_LIBRARY_PATH=/home/youri/action_ws/install/action_tutorials_interfaces/lib:${LD_LIBRARY_PATH} PYTHONPATH=/home/youri/action_ws/install/action_tutorials_interfaces/lib/python3.8/site-packages:${PYTHONPATH} /usr/bin/cmake --install /home/youri/action_ws/build/action_tutorials_cpp
