[0.570s] Invoking command in '/home/youri/stage/tutorials/launch_ws/src/launch_tutorial': PYTHONPATH=/home/youri/stage/tutorials/launch_ws/install/launch_tutorial/lib/python3.8/site-packages:${PYTHONPATH} /usr/bin/python3 setup.py egg_info --egg-base ../../build/launch_tutorial build --build-base /home/youri/stage/tutorials/launch_ws/build/launch_tutorial/build install --prefix /home/youri/stage/tutorials/launch_ws/install/launch_tutorial --record /home/youri/stage/tutorials/launch_ws/build/launch_tutorial/install.log --single-version-externally-managed
[0.746s] running egg_info
[0.747s] writing ../../build/launch_tutorial/launch_tutorial.egg-info/PKG-INFO
[0.747s] writing dependency_links to ../../build/launch_tutorial/launch_tutorial.egg-info/dependency_links.txt
[0.747s] writing entry points to ../../build/launch_tutorial/launch_tutorial.egg-info/entry_points.txt
[0.747s] writing requirements to ../../build/launch_tutorial/launch_tutorial.egg-info/requires.txt
[0.747s] writing top-level names to ../../build/launch_tutorial/launch_tutorial.egg-info/top_level.txt
[0.775s] reading manifest file '../../build/launch_tutorial/launch_tutorial.egg-info/SOURCES.txt'
[0.776s] writing manifest file '../../build/launch_tutorial/launch_tutorial.egg-info/SOURCES.txt'
[0.776s] running build
[0.776s] running build_py
[0.776s] running install
[0.776s] running install_lib
[0.777s] creating /home/youri/stage/tutorials/launch_ws/install/launch_tutorial/lib/python3.8/site-packages/launch_tutorial
[0.777s] copying /home/youri/stage/tutorials/launch_ws/build/launch_tutorial/build/lib/launch_tutorial/__init__.py -> /home/youri/stage/tutorials/launch_ws/install/launch_tutorial/lib/python3.8/site-packages/launch_tutorial
[0.777s] byte-compiling /home/youri/stage/tutorials/launch_ws/install/launch_tutorial/lib/python3.8/site-packages/launch_tutorial/__init__.py to __init__.cpython-38.pyc
[0.778s] running install_data
[0.779s] creating /home/youri/stage/tutorials/launch_ws/install/launch_tutorial/share/ament_index
[0.779s] creating /home/youri/stage/tutorials/launch_ws/install/launch_tutorial/share/ament_index/resource_index
[0.779s] creating /home/youri/stage/tutorials/launch_ws/install/launch_tutorial/share/ament_index/resource_index/packages
[0.779s] copying resource/launch_tutorial -> /home/youri/stage/tutorials/launch_ws/install/launch_tutorial/share/ament_index/resource_index/packages
[0.779s] copying package.xml -> /home/youri/stage/tutorials/launch_ws/install/launch_tutorial/share/launch_tutorial
[0.779s] creating /home/youri/stage/tutorials/launch_ws/install/launch_tutorial/share/launch_tutorial/launch
[0.779s] copying launch/example_main.launch.py -> /home/youri/stage/tutorials/launch_ws/install/launch_tutorial/share/launch_tutorial/launch
[0.779s] copying launch/example_substitutions.launch.py -> /home/youri/stage/tutorials/launch_ws/install/launch_tutorial/share/launch_tutorial/launch
[0.780s] running install_egg_info
[0.780s] Copying ../../build/launch_tutorial/launch_tutorial.egg-info to /home/youri/stage/tutorials/launch_ws/install/launch_tutorial/lib/python3.8/site-packages/launch_tutorial-0.0.0-py3.8.egg-info
[0.781s] running install_scripts
[0.795s] writing list of installed files to '/home/youri/stage/tutorials/launch_ws/build/launch_tutorial/install.log'
[0.812s] Invoked command in '/home/youri/stage/tutorials/launch_ws/src/launch_tutorial' returned '0': PYTHONPATH=/home/youri/stage/tutorials/launch_ws/install/launch_tutorial/lib/python3.8/site-packages:${PYTHONPATH} /usr/bin/python3 setup.py egg_info --egg-base ../../build/launch_tutorial build --build-base /home/youri/stage/tutorials/launch_ws/build/launch_tutorial/build install --prefix /home/youri/stage/tutorials/launch_ws/install/launch_tutorial --record /home/youri/stage/tutorials/launch_ws/build/launch_tutorial/install.log --single-version-externally-managed
