[0.518s] Invoking command in '/home/youri/stage/tutorials/launch_ws/src/my_package': PYTHONPATH=/home/youri/stage/tutorials/launch_ws/install/my_package/lib/python3.8/site-packages:${PYTHONPATH} /usr/bin/python3 setup.py egg_info --egg-base ../../build/my_package build --build-base /home/youri/stage/tutorials/launch_ws/build/my_package/build install --prefix /home/youri/stage/tutorials/launch_ws/install/my_package --record /home/youri/stage/tutorials/launch_ws/build/my_package/install.log --single-version-externally-managed
[0.687s] running egg_info
[0.687s] writing ../../build/my_package/my_package.egg-info/PKG-INFO
[0.688s] writing dependency_links to ../../build/my_package/my_package.egg-info/dependency_links.txt
[0.688s] writing entry points to ../../build/my_package/my_package.egg-info/entry_points.txt
[0.688s] writing requirements to ../../build/my_package/my_package.egg-info/requires.txt
[0.688s] writing top-level names to ../../build/my_package/my_package.egg-info/top_level.txt
[0.714s] reading manifest file '../../build/my_package/my_package.egg-info/SOURCES.txt'
[0.715s] writing manifest file '../../build/my_package/my_package.egg-info/SOURCES.txt'
[0.715s] running build
[0.715s] running build_py
[0.715s] running install
[0.716s] running install_lib
[0.717s] running install_data
[0.717s] copying launch/my_script.launch.py -> /home/youri/stage/tutorials/launch_ws/install/my_package/share/my_package
[0.717s] running install_egg_info
[0.718s] removing '/home/youri/stage/tutorials/launch_ws/install/my_package/lib/python3.8/site-packages/my_package-0.0.0-py3.8.egg-info' (and everything under it)
[0.719s] Copying ../../build/my_package/my_package.egg-info to /home/youri/stage/tutorials/launch_ws/install/my_package/lib/python3.8/site-packages/my_package-0.0.0-py3.8.egg-info
[0.719s] running install_scripts
[0.733s] writing list of installed files to '/home/youri/stage/tutorials/launch_ws/build/my_package/install.log'
[0.748s] Invoked command in '/home/youri/stage/tutorials/launch_ws/src/my_package' returned '0': PYTHONPATH=/home/youri/stage/tutorials/launch_ws/install/my_package/lib/python3.8/site-packages:${PYTHONPATH} /usr/bin/python3 setup.py egg_info --egg-base ../../build/my_package build --build-base /home/youri/stage/tutorials/launch_ws/build/my_package/build install --prefix /home/youri/stage/tutorials/launch_ws/install/my_package --record /home/youri/stage/tutorials/launch_ws/build/my_package/install.log --single-version-externally-managed
