[0.010s] Invoking command in '/home/youri/stage/tutorials/launch_ws/build/my_pkg': CMAKE_PREFIX_PATH=/opt/ros/foxy /usr/bin/cmake /home/youri/stage/tutorials/launch_ws/src/my_pkg -DCMAKE_INSTALL_PREFIX=/home/youri/stage/tutorials/launch_ws/install/my_pkg
[0.053s] -- The C compiler identification is GNU 9.3.0
[0.097s] -- The CXX compiler identification is GNU 9.3.0
[0.100s] -- Check for working C compiler: /usr/bin/cc
[0.155s] -- Check for working C compiler: /usr/bin/cc -- works
[0.156s] -- Detecting C compiler ABI info
[0.209s] -- Detecting C compiler ABI info - done
[0.219s] -- Detecting C compile features
[0.219s] -- Detecting C compile features - done
[0.221s] -- Check for working CXX compiler: /usr/bin/c++
[0.284s] -- Check for working CXX compiler: /usr/bin/c++ -- works
[0.285s] -- Detecting CXX compiler ABI info
[0.348s] -- Detecting CXX compiler ABI info - done
[0.358s] -- Detecting CXX compile features
[0.358s] -- Detecting CXX compile features - done
[0.360s] -- Found ament_cmake: 0.9.9 (/opt/ros/foxy/share/ament_cmake/cmake)
[0.379s] -- Found PythonInterp: /usr/bin/python3 (found suitable version "3.8.10", minimum required is "3") 
[0.379s] -- Using PYTHON_EXECUTABLE: /usr/bin/python3
[0.548s] CMake Error at CMakeLists.txt:20 (find_package):
[0.548s]   By not providing "Find[deps].cmake" in CMAKE_MODULE_PATH this project has
[0.548s]   asked CMake to find a package configuration file provided by "[deps]", but
[0.548s]   CMake did not find one.
[0.548s] 
[0.548s]   Could not find a package configuration file provided by "[deps]" with any
[0.548s]   of the following names:
[0.548s] 
[0.548s]     [deps]Config.cmake
[0.548s]     [deps]-config.cmake
[0.548s] 
[0.549s]   Add the installation prefix of "[deps]" to CMAKE_PREFIX_PATH or set
[0.549s]   "[deps]_DIR" to a directory containing one of the above files.  If "[deps]"
[0.549s]   provides a separate development package or SDK, be sure it has been
[0.549s]   installed.
[0.549s] 
[0.549s] 
[0.549s] -- Configuring incomplete, errors occurred!
[0.549s] See also "/home/youri/stage/tutorials/launch_ws/build/my_pkg/CMakeFiles/CMakeOutput.log".
[0.551s] Invoked command in '/home/youri/stage/tutorials/launch_ws/build/my_pkg' returned '1': CMAKE_PREFIX_PATH=/opt/ros/foxy /usr/bin/cmake /home/youri/stage/tutorials/launch_ws/src/my_pkg -DCMAKE_INSTALL_PREFIX=/home/youri/stage/tutorials/launch_ws/install/my_pkg
