[0.018s] Invoking command in '/home/youri/action_ws/build/action_tutorials_interfaces': CMAKE_PREFIX_PATH=/opt/ros/foxy /usr/bin/cmake --build /home/youri/action_ws/build/action_tutorials_interfaces -- -j8 -l8
[0.104s] [  3%] Built target action_tutorials_interfaces__cpp
[0.105s] [ 12%] Built target action_tutorials_interfaces__rosidl_generator_c
[0.152s] [ 22%] Built target action_tutorials_interfaces__rosidl_typesupport_introspection_cpp
[0.155s] [ 32%] Built target action_tutorials_interfaces__rosidl_typesupport_cpp
[0.158s] [ 45%] Built target action_tutorials_interfaces__rosidl_typesupport_introspection_c
[0.158s] [ 51%] Built target action_tutorials_interfaces__rosidl_typesupport_c
[0.165s] [ 61%] Built target action_tutorials_interfaces__rosidl_typesupport_fastrtps_cpp
[0.196s] [ 70%] Built target action_tutorials_interfaces__rosidl_typesupport_fastrtps_c
[0.224s] [ 70%] Built target action_tutorials_interfaces
[0.254s] [ 74%] Built target action_tutorials_interfaces__py
[0.299s] [ 80%] Built target action_tutorials_interfaces__python
[0.351s] [100%] Built target action_tutorials_interfaces__rosidl_typesupport_fastrtps_c__pyext
[0.351s] [100%] Built target action_tutorials_interfaces__rosidl_typesupport_c__pyext
[0.351s] [100%] Built target action_tutorials_interfaces__rosidl_typesupport_introspection_c__pyext
[0.366s] Invoked command in '/home/youri/action_ws/build/action_tutorials_interfaces' returned '0': CMAKE_PREFIX_PATH=/opt/ros/foxy /usr/bin/cmake --build /home/youri/action_ws/build/action_tutorials_interfaces -- -j8 -l8
[0.456s] Invoking command in '/home/youri/action_ws/build/action_tutorials_interfaces': CMAKE_PREFIX_PATH=/opt/ros/foxy /usr/bin/cmake --install /home/youri/action_ws/build/action_tutorials_interfaces
[0.470s] -- Install configuration: ""
[0.470s] -- Up-to-date: /home/youri/action_ws/install/action_tutorials_interfaces/share/ament_index/resource_index/rosidl_interfaces/action_tutorials_interfaces
[0.470s] -- Up-to-date: /home/youri/action_ws/install/action_tutorials_interfaces/include/action_tutorials_interfaces
[0.471s] -- Up-to-date: /home/youri/action_ws/install/action_tutorials_interfaces/include/action_tutorials_interfaces/msg
[0.471s] -- Up-to-date: /home/youri/action_ws/install/action_tutorials_interfaces/include/action_tutorials_interfaces/msg/rosidl_generator_c__visibility_control.h
[0.471s] -- Up-to-date: /home/youri/action_ws/install/action_tutorials_interfaces/include/action_tutorials_interfaces/action
[0.471s] -- Up-to-date: /home/youri/action_ws/install/action_tutorials_interfaces/include/action_tutorials_interfaces/action/fibonacci.h
[0.471s] -- Up-to-date: /home/youri/action_ws/install/action_tutorials_interfaces/include/action_tutorials_interfaces/action/detail
[0.471s] -- Up-to-date: /home/youri/action_ws/install/action_tutorials_interfaces/include/action_tutorials_interfaces/action/detail/fibonacci__functions.h
[0.472s] -- Up-to-date: /home/youri/action_ws/install/action_tutorials_interfaces/include/action_tutorials_interfaces/action/detail/fibonacci__type_support.h
[0.472s] -- Up-to-date: /home/youri/action_ws/install/action_tutorials_interfaces/include/action_tutorials_interfaces/action/detail/fibonacci__functions.c
[0.472s] -- Up-to-date: /home/youri/action_ws/install/action_tutorials_interfaces/include/action_tutorials_interfaces/action/detail/fibonacci__struct.h
[0.473s] -- Up-to-date: /home/youri/action_ws/install/action_tutorials_interfaces/share/action_tutorials_interfaces/environment/library_path.sh
[0.473s] -- Up-to-date: /home/youri/action_ws/install/action_tutorials_interfaces/share/action_tutorials_interfaces/environment/library_path.dsv
[0.473s] -- Up-to-date: /home/youri/action_ws/install/action_tutorials_interfaces/lib/libaction_tutorials_interfaces__rosidl_generator_c.so
[0.473s] -- Up-to-date: /home/youri/action_ws/install/action_tutorials_interfaces/include/action_tutorials_interfaces
[0.474s] -- Up-to-date: /home/youri/action_ws/install/action_tutorials_interfaces/include/action_tutorials_interfaces/msg
[0.474s] -- Up-to-date: /home/youri/action_ws/install/action_tutorials_interfaces/include/action_tutorials_interfaces/msg/rosidl_typesupport_fastrtps_c__visibility_control.h
[0.474s] -- Up-to-date: /home/youri/action_ws/install/action_tutorials_interfaces/include/action_tutorials_interfaces/action
[0.474s] -- Up-to-date: /home/youri/action_ws/install/action_tutorials_interfaces/include/action_tutorials_interfaces/action/detail
[0.474s] -- Up-to-date: /home/youri/action_ws/install/action_tutorials_interfaces/include/action_tutorials_interfaces/action/detail/fibonacci__rosidl_typesupport_fastrtps_c.h
[0.475s] -- Up-to-date: /home/youri/action_ws/install/action_tutorials_interfaces/lib/libaction_tutorials_interfaces__rosidl_typesupport_fastrtps_c.so
[0.475s] -- Up-to-date: /home/youri/action_ws/install/action_tutorials_interfaces/include/action_tutorials_interfaces
[0.475s] -- Up-to-date: /home/youri/action_ws/install/action_tutorials_interfaces/include/action_tutorials_interfaces/msg
[0.475s] -- Up-to-date: /home/youri/action_ws/install/action_tutorials_interfaces/include/action_tutorials_interfaces/msg/rosidl_typesupport_fastrtps_cpp__visibility_control.h
[0.475s] -- Up-to-date: /home/youri/action_ws/install/action_tutorials_interfaces/include/action_tutorials_interfaces/action
[0.476s] -- Up-to-date: /home/youri/action_ws/install/action_tutorials_interfaces/include/action_tutorials_interfaces/action/detail
[0.476s] -- Up-to-date: /home/youri/action_ws/install/action_tutorials_interfaces/include/action_tutorials_interfaces/action/detail/fibonacci__rosidl_typesupport_fastrtps_cpp.hpp
[0.476s] -- Up-to-date: /home/youri/action_ws/install/action_tutorials_interfaces/include/action_tutorials_interfaces/action/detail/dds_fastrtps
[0.476s] -- Up-to-date: /home/youri/action_ws/install/action_tutorials_interfaces/lib/libaction_tutorials_interfaces__rosidl_typesupport_fastrtps_cpp.so
[0.476s] -- Up-to-date: /home/youri/action_ws/install/action_tutorials_interfaces/include/action_tutorials_interfaces
[0.476s] -- Up-to-date: /home/youri/action_ws/install/action_tutorials_interfaces/include/action_tutorials_interfaces/msg
[0.476s] -- Up-to-date: /home/youri/action_ws/install/action_tutorials_interfaces/include/action_tutorials_interfaces/msg/rosidl_typesupport_introspection_c__visibility_control.h
[0.477s] -- Up-to-date: /home/youri/action_ws/install/action_tutorials_interfaces/include/action_tutorials_interfaces/action
[0.477s] -- Up-to-date: /home/youri/action_ws/install/action_tutorials_interfaces/include/action_tutorials_interfaces/action/detail
[0.477s] -- Up-to-date: /home/youri/action_ws/install/action_tutorials_interfaces/include/action_tutorials_interfaces/action/detail/fibonacci__type_support.c
[0.477s] -- Up-to-date: /home/youri/action_ws/install/action_tutorials_interfaces/include/action_tutorials_interfaces/action/detail/fibonacci__rosidl_typesupport_introspection_c.h
[0.477s] -- Up-to-date: /home/youri/action_ws/install/action_tutorials_interfaces/lib/libaction_tutorials_interfaces__rosidl_typesupport_introspection_c.so
[0.478s] -- Up-to-date: /home/youri/action_ws/install/action_tutorials_interfaces/lib/libaction_tutorials_interfaces__rosidl_typesupport_c.so
[0.478s] -- Up-to-date: /home/youri/action_ws/install/action_tutorials_interfaces/include/action_tutorials_interfaces
[0.478s] -- Up-to-date: /home/youri/action_ws/install/action_tutorials_interfaces/include/action_tutorials_interfaces/action
[0.478s] -- Up-to-date: /home/youri/action_ws/install/action_tutorials_interfaces/include/action_tutorials_interfaces/action/fibonacci.hpp
[0.478s] -- Up-to-date: /home/youri/action_ws/install/action_tutorials_interfaces/include/action_tutorials_interfaces/action/detail
[0.478s] -- Up-to-date: /home/youri/action_ws/install/action_tutorials_interfaces/include/action_tutorials_interfaces/action/detail/fibonacci__traits.hpp
[0.478s] -- Up-to-date: /home/youri/action_ws/install/action_tutorials_interfaces/include/action_tutorials_interfaces/action/detail/fibonacci__builder.hpp
[0.479s] -- Up-to-date: /home/youri/action_ws/install/action_tutorials_interfaces/include/action_tutorials_interfaces/action/detail/fibonacci__struct.hpp
[0.479s] -- Up-to-date: /home/youri/action_ws/install/action_tutorials_interfaces/include/action_tutorials_interfaces
[0.479s] -- Up-to-date: /home/youri/action_ws/install/action_tutorials_interfaces/include/action_tutorials_interfaces/action
[0.479s] -- Up-to-date: /home/youri/action_ws/install/action_tutorials_interfaces/include/action_tutorials_interfaces/action/detail
[0.479s] -- Up-to-date: /home/youri/action_ws/install/action_tutorials_interfaces/include/action_tutorials_interfaces/action/detail/fibonacci__type_support.cpp
[0.479s] -- Up-to-date: /home/youri/action_ws/install/action_tutorials_interfaces/include/action_tutorials_interfaces/action/detail/fibonacci__rosidl_typesupport_introspection_cpp.hpp
[0.479s] -- Up-to-date: /home/youri/action_ws/install/action_tutorials_interfaces/lib/libaction_tutorials_interfaces__rosidl_typesupport_introspection_cpp.so
[0.480s] -- Up-to-date: /home/youri/action_ws/install/action_tutorials_interfaces/lib/libaction_tutorials_interfaces__rosidl_typesupport_cpp.so
[0.480s] -- Up-to-date: /home/youri/action_ws/install/action_tutorials_interfaces/share/action_tutorials_interfaces/environment/pythonpath.sh
[0.480s] -- Up-to-date: /home/youri/action_ws/install/action_tutorials_interfaces/share/action_tutorials_interfaces/environment/pythonpath.dsv
[0.481s] -- Up-to-date: /home/youri/action_ws/install/action_tutorials_interfaces/lib/python3.8/site-packages/action_tutorials_interfaces/__init__.py
[0.534s] -- Up-to-date: /home/youri/action_ws/install/action_tutorials_interfaces/lib/python3.8/site-packages/action_tutorials_interfaces/action
[0.534s] -- Up-to-date: /home/youri/action_ws/install/action_tutorials_interfaces/lib/python3.8/site-packages/action_tutorials_interfaces/action/__init__.py
[0.535s] -- Up-to-date: /home/youri/action_ws/install/action_tutorials_interfaces/lib/python3.8/site-packages/action_tutorials_interfaces/action/_fibonacci.py
[0.535s] -- Up-to-date: /home/youri/action_ws/install/action_tutorials_interfaces/lib/python3.8/site-packages/action_tutorials_interfaces/action/_fibonacci_s.c
[0.535s] -- Up-to-date: /home/youri/action_ws/install/action_tutorials_interfaces/lib/python3.8/site-packages/action_tutorials_interfaces/action_tutorials_interfaces_s__rosidl_typesupport_fastrtps_c.cpython-38-x86_64-linux-gnu.so
[0.536s] -- Up-to-date: /home/youri/action_ws/install/action_tutorials_interfaces/lib/python3.8/site-packages/action_tutorials_interfaces/action_tutorials_interfaces_s__rosidl_typesupport_introspection_c.cpython-38-x86_64-linux-gnu.so
[0.537s] -- Up-to-date: /home/youri/action_ws/install/action_tutorials_interfaces/lib/python3.8/site-packages/action_tutorials_interfaces/action_tutorials_interfaces_s__rosidl_typesupport_c.cpython-38-x86_64-linux-gnu.so
[0.538s] -- Up-to-date: /home/youri/action_ws/install/action_tutorials_interfaces/lib/libaction_tutorials_interfaces__python.so
[0.539s] -- Up-to-date: /home/youri/action_ws/install/action_tutorials_interfaces/share/action_tutorials_interfaces/action/Fibonacci.idl
[0.539s] -- Up-to-date: /home/youri/action_ws/install/action_tutorials_interfaces/share/action_tutorials_interfaces/action/Fibonacci.action
[0.540s] -- Up-to-date: /home/youri/action_ws/install/action_tutorials_interfaces/share/ament_index/resource_index/package_run_dependencies/action_tutorials_interfaces
[0.540s] -- Up-to-date: /home/youri/action_ws/install/action_tutorials_interfaces/share/ament_index/resource_index/parent_prefix_path/action_tutorials_interfaces
[0.540s] -- Up-to-date: /home/youri/action_ws/install/action_tutorials_interfaces/share/action_tutorials_interfaces/environment/ament_prefix_path.sh
[0.540s] -- Up-to-date: /home/youri/action_ws/install/action_tutorials_interfaces/share/action_tutorials_interfaces/environment/ament_prefix_path.dsv
[0.540s] -- Up-to-date: /home/youri/action_ws/install/action_tutorials_interfaces/share/action_tutorials_interfaces/environment/path.sh
[0.540s] -- Up-to-date: /home/youri/action_ws/install/action_tutorials_interfaces/share/action_tutorials_interfaces/environment/path.dsv
[0.540s] -- Up-to-date: /home/youri/action_ws/install/action_tutorials_interfaces/share/action_tutorials_interfaces/local_setup.bash
[0.541s] -- Up-to-date: /home/youri/action_ws/install/action_tutorials_interfaces/share/action_tutorials_interfaces/local_setup.sh
[0.541s] -- Up-to-date: /home/youri/action_ws/install/action_tutorials_interfaces/share/action_tutorials_interfaces/local_setup.zsh
[0.541s] -- Up-to-date: /home/youri/action_ws/install/action_tutorials_interfaces/share/action_tutorials_interfaces/local_setup.dsv
[0.541s] -- Installing: /home/youri/action_ws/install/action_tutorials_interfaces/share/action_tutorials_interfaces/package.dsv
[0.541s] -- Up-to-date: /home/youri/action_ws/install/action_tutorials_interfaces/share/ament_index/resource_index/packages/action_tutorials_interfaces
[0.541s] -- Up-to-date: /home/youri/action_ws/install/action_tutorials_interfaces/share/action_tutorials_interfaces/cmake/action_tutorials_interfaces__rosidl_generator_cExport.cmake
[0.542s] -- Up-to-date: /home/youri/action_ws/install/action_tutorials_interfaces/share/action_tutorials_interfaces/cmake/action_tutorials_interfaces__rosidl_generator_cExport-noconfig.cmake
[0.542s] -- Up-to-date: /home/youri/action_ws/install/action_tutorials_interfaces/share/action_tutorials_interfaces/cmake/action_tutorials_interfaces__rosidl_typesupport_introspection_cExport.cmake
[0.542s] -- Up-to-date: /home/youri/action_ws/install/action_tutorials_interfaces/share/action_tutorials_interfaces/cmake/action_tutorials_interfaces__rosidl_typesupport_introspection_cExport-noconfig.cmake
[0.542s] -- Up-to-date: /home/youri/action_ws/install/action_tutorials_interfaces/share/action_tutorials_interfaces/cmake/action_tutorials_interfaces__rosidl_typesupport_cExport.cmake
[0.542s] -- Up-to-date: /home/youri/action_ws/install/action_tutorials_interfaces/share/action_tutorials_interfaces/cmake/action_tutorials_interfaces__rosidl_typesupport_cExport-noconfig.cmake
[0.542s] -- Up-to-date: /home/youri/action_ws/install/action_tutorials_interfaces/share/action_tutorials_interfaces/cmake/action_tutorials_interfaces__rosidl_generator_cppExport.cmake
[0.542s] -- Up-to-date: /home/youri/action_ws/install/action_tutorials_interfaces/share/action_tutorials_interfaces/cmake/action_tutorials_interfaces__rosidl_typesupport_introspection_cppExport.cmake
[0.543s] -- Up-to-date: /home/youri/action_ws/install/action_tutorials_interfaces/share/action_tutorials_interfaces/cmake/action_tutorials_interfaces__rosidl_typesupport_introspection_cppExport-noconfig.cmake
[0.543s] -- Up-to-date: /home/youri/action_ws/install/action_tutorials_interfaces/share/action_tutorials_interfaces/cmake/action_tutorials_interfaces__rosidl_typesupport_cppExport.cmake
[0.544s] -- Up-to-date: /home/youri/action_ws/install/action_tutorials_interfaces/share/action_tutorials_interfaces/cmake/action_tutorials_interfaces__rosidl_typesupport_cppExport-noconfig.cmake
[0.544s] -- Up-to-date: /home/youri/action_ws/install/action_tutorials_interfaces/share/action_tutorials_interfaces/cmake/rosidl_cmake-extras.cmake
[0.544s] -- Up-to-date: /home/youri/action_ws/install/action_tutorials_interfaces/share/action_tutorials_interfaces/cmake/ament_cmake_export_dependencies-extras.cmake
[0.544s] -- Up-to-date: /home/youri/action_ws/install/action_tutorials_interfaces/share/action_tutorials_interfaces/cmake/ament_cmake_export_libraries-extras.cmake
[0.544s] -- Up-to-date: /home/youri/action_ws/install/action_tutorials_interfaces/share/action_tutorials_interfaces/cmake/ament_cmake_export_targets-extras.cmake
[0.545s] -- Up-to-date: /home/youri/action_ws/install/action_tutorials_interfaces/share/action_tutorials_interfaces/cmake/ament_cmake_export_include_directories-extras.cmake
[0.545s] -- Up-to-date: /home/youri/action_ws/install/action_tutorials_interfaces/share/action_tutorials_interfaces/cmake/rosidl_cmake_export_typesupport_libraries-extras.cmake
[0.545s] -- Up-to-date: /home/youri/action_ws/install/action_tutorials_interfaces/share/action_tutorials_interfaces/cmake/rosidl_cmake_export_typesupport_targets-extras.cmake
[0.545s] -- Up-to-date: /home/youri/action_ws/install/action_tutorials_interfaces/share/action_tutorials_interfaces/cmake/action_tutorials_interfacesConfig.cmake
[0.545s] -- Up-to-date: /home/youri/action_ws/install/action_tutorials_interfaces/share/action_tutorials_interfaces/cmake/action_tutorials_interfacesConfig-version.cmake
[0.545s] -- Up-to-date: /home/youri/action_ws/install/action_tutorials_interfaces/share/action_tutorials_interfaces/package.xml
[0.549s] Invoked command in '/home/youri/action_ws/build/action_tutorials_interfaces' returned '0': CMAKE_PREFIX_PATH=/opt/ros/foxy /usr/bin/cmake --install /home/youri/action_ws/build/action_tutorials_interfaces
