[1.334s] Invoking command in '/home/youri/stage/tutorials/launch_ws/src/launch_tutorial': PYTHONPATH=/home/youri/stage/tutorials/launch_ws/install/launch_tutorial/lib/python3.8/site-packages:${PYTHONPATH} /usr/bin/python3 setup.py egg_info --egg-base ../../build/launch_tutorial build --build-base /home/youri/stage/tutorials/launch_ws/build/launch_tutorial/build install --prefix /home/youri/stage/tutorials/launch_ws/install/launch_tutorial --record /home/youri/stage/tutorials/launch_ws/build/launch_tutorial/install.log --single-version-externally-managed
[1.680s] running egg_info
[1.681s] writing ../../build/launch_tutorial/launch_tutorial.egg-info/PKG-INFO
[1.681s] writing dependency_links to ../../build/launch_tutorial/launch_tutorial.egg-info/dependency_links.txt
[1.682s] writing entry points to ../../build/launch_tutorial/launch_tutorial.egg-info/entry_points.txt
[1.682s] writing requirements to ../../build/launch_tutorial/launch_tutorial.egg-info/requires.txt
[1.682s] writing top-level names to ../../build/launch_tutorial/launch_tutorial.egg-info/top_level.txt
[1.746s] reading manifest file '../../build/launch_tutorial/launch_tutorial.egg-info/SOURCES.txt'
[1.748s] writing manifest file '../../build/launch_tutorial/launch_tutorial.egg-info/SOURCES.txt'
[1.748s] running build
[1.748s] running build_py
[1.748s] running install
[1.750s] running install_lib
[1.752s] running install_data
[1.753s] copying package.xml -> /home/youri/stage/tutorials/launch_ws/install/launch_tutorial/share/launch_tutorial
[1.753s] copying launch/example_main.launch.py -> /home/youri/stage/tutorials/launch_ws/install/launch_tutorial/share/launch_tutorial
[1.753s] running install_egg_info
[1.756s] removing '/home/youri/stage/tutorials/launch_ws/install/launch_tutorial/lib/python3.8/site-packages/launch_tutorial-0.0.0-py3.8.egg-info' (and everything under it)
[1.757s] Copying ../../build/launch_tutorial/launch_tutorial.egg-info to /home/youri/stage/tutorials/launch_ws/install/launch_tutorial/lib/python3.8/site-packages/launch_tutorial-0.0.0-py3.8.egg-info
[1.758s] running install_scripts
[1.784s] writing list of installed files to '/home/youri/stage/tutorials/launch_ws/build/launch_tutorial/install.log'
[1.822s] Invoked command in '/home/youri/stage/tutorials/launch_ws/src/launch_tutorial' returned '0': PYTHONPATH=/home/youri/stage/tutorials/launch_ws/install/launch_tutorial/lib/python3.8/site-packages:${PYTHONPATH} /usr/bin/python3 setup.py egg_info --egg-base ../../build/launch_tutorial build --build-base /home/youri/stage/tutorials/launch_ws/build/launch_tutorial/build install --prefix /home/youri/stage/tutorials/launch_ws/install/launch_tutorial --record /home/youri/stage/tutorials/launch_ws/build/launch_tutorial/install.log --single-version-externally-managed
