[1.177s] Invoking command in '/home/youri/stage/tutorials/launch_ws/src/my_package': PYTHONPATH=/home/youri/stage/tutorials/launch_ws/install/my_package/lib/python3.8/site-packages:${PYTHONPATH} /usr/bin/python3 setup.py egg_info --egg-base ../../build/my_package build --build-base /home/youri/stage/tutorials/launch_ws/build/my_package/build install --prefix /home/youri/stage/tutorials/launch_ws/install/my_package --record /home/youri/stage/tutorials/launch_ws/build/my_package/install.log --single-version-externally-managed
[1.500s] running egg_info
[1.500s] writing ../../build/my_package/my_package.egg-info/PKG-INFO
[1.501s] writing dependency_links to ../../build/my_package/my_package.egg-info/dependency_links.txt
[1.501s] writing entry points to ../../build/my_package/my_package.egg-info/entry_points.txt
[1.502s] writing requirements to ../../build/my_package/my_package.egg-info/requires.txt
[1.502s] writing top-level names to ../../build/my_package/my_package.egg-info/top_level.txt
[1.555s] reading manifest file '../../build/my_package/my_package.egg-info/SOURCES.txt'
[1.557s] writing manifest file '../../build/my_package/my_package.egg-info/SOURCES.txt'
[1.557s] running build
[1.557s] running build_py
[1.558s] running install
[1.559s] running install_lib
[1.561s] running install_data
[1.563s] running install_egg_info
[1.565s] removing '/home/youri/stage/tutorials/launch_ws/install/my_package/lib/python3.8/site-packages/my_package-0.0.0-py3.8.egg-info' (and everything under it)
[1.565s] Copying ../../build/my_package/my_package.egg-info to /home/youri/stage/tutorials/launch_ws/install/my_package/lib/python3.8/site-packages/my_package-0.0.0-py3.8.egg-info
[1.567s] running install_scripts
[1.591s] writing list of installed files to '/home/youri/stage/tutorials/launch_ws/build/my_package/install.log'
[1.629s] Invoked command in '/home/youri/stage/tutorials/launch_ws/src/my_package' returned '0': PYTHONPATH=/home/youri/stage/tutorials/launch_ws/install/my_package/lib/python3.8/site-packages:${PYTHONPATH} /usr/bin/python3 setup.py egg_info --egg-base ../../build/my_package build --build-base /home/youri/stage/tutorials/launch_ws/build/my_package/build install --prefix /home/youri/stage/tutorials/launch_ws/install/my_package --record /home/youri/stage/tutorials/launch_ws/build/my_package/install.log --single-version-externally-managed
