[1.300s] Invoking command in '/home/youri/stage/tutorials/launch_ws/src/my_package': PYTHONPATH=/home/youri/stage/tutorials/launch_ws/install/my_package/lib/python3.8/site-packages:${PYTHONPATH} /usr/bin/python3 setup.py egg_info --egg-base ../../build/my_package build --build-base /home/youri/stage/tutorials/launch_ws/build/my_package/build install --prefix /home/youri/stage/tutorials/launch_ws/install/my_package --record /home/youri/stage/tutorials/launch_ws/build/my_package/install.log --single-version-externally-managed
[1.654s] running egg_info
[1.655s] writing ../../build/my_package/my_package.egg-info/PKG-INFO
[1.655s] writing dependency_links to ../../build/my_package/my_package.egg-info/dependency_links.txt
[1.656s] writing entry points to ../../build/my_package/my_package.egg-info/entry_points.txt
[1.656s] writing requirements to ../../build/my_package/my_package.egg-info/requires.txt
[1.657s] writing top-level names to ../../build/my_package/my_package.egg-info/top_level.txt
[1.712s] reading manifest file '../../build/my_package/my_package.egg-info/SOURCES.txt'
[1.714s] writing manifest file '../../build/my_package/my_package.egg-info/SOURCES.txt'
[1.714s] running build
[1.714s] running build_py
[1.716s] running install
[1.716s] running install_lib
[1.719s] running install_data
[1.720s] running install_egg_info
[1.723s] removing '/home/youri/stage/tutorials/launch_ws/install/my_package/lib/python3.8/site-packages/my_package-0.0.0-py3.8.egg-info' (and everything under it)
[1.723s] Copying ../../build/my_package/my_package.egg-info to /home/youri/stage/tutorials/launch_ws/install/my_package/lib/python3.8/site-packages/my_package-0.0.0-py3.8.egg-info
[1.725s] running install_scripts
[1.753s] writing list of installed files to '/home/youri/stage/tutorials/launch_ws/build/my_package/install.log'
[1.782s] Invoked command in '/home/youri/stage/tutorials/launch_ws/src/my_package' returned '0': PYTHONPATH=/home/youri/stage/tutorials/launch_ws/install/my_package/lib/python3.8/site-packages:${PYTHONPATH} /usr/bin/python3 setup.py egg_info --egg-base ../../build/my_package build --build-base /home/youri/stage/tutorials/launch_ws/build/my_package/build install --prefix /home/youri/stage/tutorials/launch_ws/install/my_package --record /home/youri/stage/tutorials/launch_ws/build/my_package/install.log --single-version-externally-managed
