[1.334s] Invoking command in '/home/youri/stage/tutorials/launch_ws/src/launch_tutorial': PYTHONPATH=/home/youri/stage/tutorials/launch_ws/install/launch_tutorial/lib/python3.8/site-packages:${PYTHONPATH} /usr/bin/python3 setup.py egg_info --egg-base ../../build/launch_tutorial build --build-base /home/youri/stage/tutorials/launch_ws/build/launch_tutorial/build install --prefix /home/youri/stage/tutorials/launch_ws/install/launch_tutorial --record /home/youri/stage/tutorials/launch_ws/build/launch_tutorial/install.log --single-version-externally-managed
[1.698s] running egg_info
[1.698s] writing ../../build/launch_tutorial/launch_tutorial.egg-info/PKG-INFO
[1.700s] writing dependency_links to ../../build/launch_tutorial/launch_tutorial.egg-info/dependency_links.txt
[1.700s] writing entry points to ../../build/launch_tutorial/launch_tutorial.egg-info/entry_points.txt
[1.701s] writing requirements to ../../build/launch_tutorial/launch_tutorial.egg-info/requires.txt
[1.701s] writing top-level names to ../../build/launch_tutorial/launch_tutorial.egg-info/top_level.txt
[1.757s] reading manifest file '../../build/launch_tutorial/launch_tutorial.egg-info/SOURCES.txt'
[1.759s] writing manifest file '../../build/launch_tutorial/launch_tutorial.egg-info/SOURCES.txt'
[1.759s] running build
[1.759s] running build_py
[1.759s] running install
[1.760s] running install_lib
[1.762s] running install_data
[1.763s] running install_egg_info
[1.766s] removing '/home/youri/stage/tutorials/launch_ws/install/launch_tutorial/lib/python3.8/site-packages/launch_tutorial-0.0.0-py3.8.egg-info' (and everything under it)
[1.767s] Copying ../../build/launch_tutorial/launch_tutorial.egg-info to /home/youri/stage/tutorials/launch_ws/install/launch_tutorial/lib/python3.8/site-packages/launch_tutorial-0.0.0-py3.8.egg-info
[1.768s] running install_scripts
[1.794s] writing list of installed files to '/home/youri/stage/tutorials/launch_ws/build/launch_tutorial/install.log'
[1.828s] Invoked command in '/home/youri/stage/tutorials/launch_ws/src/launch_tutorial' returned '0': PYTHONPATH=/home/youri/stage/tutorials/launch_ws/install/launch_tutorial/lib/python3.8/site-packages:${PYTHONPATH} /usr/bin/python3 setup.py egg_info --egg-base ../../build/launch_tutorial build --build-base /home/youri/stage/tutorials/launch_ws/build/launch_tutorial/build install --prefix /home/youri/stage/tutorials/launch_ws/install/launch_tutorial --record /home/youri/stage/tutorials/launch_ws/build/launch_tutorial/install.log --single-version-externally-managed
