[0.021s] Invoking command in '/home/youri/action_ws/build/action_tutorials_cpp': AMENT_PREFIX_PATH=/home/youri/action_ws/install/action_tutorials_interfaces:${AMENT_PREFIX_PATH} CMAKE_PREFIX_PATH=/home/youri/action_ws/install/action_tutorials_interfaces:/opt/ros/foxy LD_LIBRARY_PATH=/home/youri/action_ws/install/action_tutorials_interfaces/lib:${LD_LIBRARY_PATH} PYTHONPATH=/home/youri/action_ws/install/action_tutorials_interfaces/lib/python3.8/site-packages:${PYTHONPATH} /usr/bin/cmake /home/youri/action_ws/src/action_tutorials_cpp -DCMAKE_INSTALL_PREFIX=/home/youri/action_ws/install/action_tutorials_cpp
[0.113s] -- The C compiler identification is GNU 9.3.0
[0.201s] -- The CXX compiler identification is GNU 9.3.0
[0.208s] -- Check for working C compiler: /usr/bin/cc
[0.319s] -- Check for working C compiler: /usr/bin/cc -- works
[0.320s] -- Detecting C compiler ABI info
[0.444s] -- Detecting C compiler ABI info - done
[0.461s] -- Detecting C compile features
[0.462s] -- Detecting C compile features - done
[0.467s] -- Check for working CXX compiler: /usr/bin/c++
[0.603s] -- Check for working CXX compiler: /usr/bin/c++ -- works
[0.605s] -- Detecting CXX compiler ABI info
[0.734s] -- Detecting CXX compiler ABI info - done
[0.751s] -- Detecting CXX compile features
[0.752s] -- Detecting CXX compile features - done
[0.755s] -- Found ament_cmake: 0.9.9 (/opt/ros/foxy/share/ament_cmake/cmake)
[0.793s] -- Found PythonInterp: /usr/bin/python3 (found suitable version "3.8.10", minimum required is "3") 
[0.793s] -- Using PYTHON_EXECUTABLE: /usr/bin/python3
[1.062s] -- Found action_tutorials_interfaces: 0.0.0 (/home/youri/action_ws/install/action_tutorials_interfaces/share/action_tutorials_interfaces/cmake)
[1.103s] -- Using all available rosidl_typesupport_c: rosidl_typesupport_fastrtps_c;rosidl_typesupport_introspection_c
[1.111s] -- Found rosidl_adapter: 1.2.1 (/opt/ros/foxy/share/rosidl_adapter/cmake)
[1.215s] -- Found OpenSSL: /usr/lib/x86_64-linux-gnu/libcrypto.so (found version "1.1.1f")  
[1.258s] -- Found FastRTPS: /opt/ros/foxy/include  
[1.361s] -- Using all available rosidl_typesupport_cpp: rosidl_typesupport_fastrtps_cpp;rosidl_typesupport_introspection_cpp
[1.553s] -- Found rclcpp: 2.4.0 (/opt/ros/foxy/share/rclcpp/cmake)
[1.626s] -- Found rmw_implementation_cmake: 1.0.3 (/opt/ros/foxy/share/rmw_implementation_cmake/cmake)
[1.629s] -- Using RMW implementation 'rmw_fastrtps_cpp' as default
[1.631s] -- Looking for pthread.h
[1.729s] -- Looking for pthread.h - found
[1.729s] -- Performing Test CMAKE_HAVE_LIBC_PTHREAD
[1.841s] -- Performing Test CMAKE_HAVE_LIBC_PTHREAD - Failed
[1.841s] -- Looking for pthread_create in pthreads
[1.934s] -- Looking for pthread_create in pthreads - not found
[1.935s] -- Looking for pthread_create in pthread
[2.042s] -- Looking for pthread_create in pthread - found
[2.044s] -- Found Threads: TRUE  
[2.283s] -- Found rclcpp_action: 2.4.0 (/opt/ros/foxy/share/rclcpp_action/cmake)
[2.330s] -- Found rclcpp_components: 2.4.0 (/opt/ros/foxy/share/rclcpp_components/cmake)
[2.427s] -- Found ament_lint_auto: 0.9.6 (/opt/ros/foxy/share/ament_lint_auto/cmake)
[2.527s] -- Added test 'copyright' to check source files copyright and LICENSE
[2.529s] -- Added test 'cppcheck' to perform static code analysis on C / C++ code
[2.531s] -- Configured cppcheck include dirs: $<BUILD_INTERFACE:/home/youri/action_ws/src/action_tutorials_cpp/include>
[2.531s] -- Configured cppcheck exclude dirs and/or files: 
[2.532s] -- Added test 'cpplint' to check C / C++ code against the Google style
[2.532s] -- Configured cpplint exclude dirs and/or files: 
[2.533s] -- Added test 'lint_cmake' to check CMake code style
[2.535s] -- Added test 'uncrustify' to check C / C++ code style
[2.535s] -- Configured uncrustify additional arguments: 
[2.536s] -- Added test 'xmllint' to check XML markup files
[2.540s] -- Configuring done
[2.556s] -- Generating done
[2.558s] -- Build files have been written to: /home/youri/action_ws/build/action_tutorials_cpp
[2.570s] Invoked command in '/home/youri/action_ws/build/action_tutorials_cpp' returned '0': AMENT_PREFIX_PATH=/home/youri/action_ws/install/action_tutorials_interfaces:${AMENT_PREFIX_PATH} CMAKE_PREFIX_PATH=/home/youri/action_ws/install/action_tutorials_interfaces:/opt/ros/foxy LD_LIBRARY_PATH=/home/youri/action_ws/install/action_tutorials_interfaces/lib:${LD_LIBRARY_PATH} PYTHONPATH=/home/youri/action_ws/install/action_tutorials_interfaces/lib/python3.8/site-packages:${PYTHONPATH} /usr/bin/cmake /home/youri/action_ws/src/action_tutorials_cpp -DCMAKE_INSTALL_PREFIX=/home/youri/action_ws/install/action_tutorials_cpp
[2.574s] Invoking command in '/home/youri/action_ws/build/action_tutorials_cpp': AMENT_PREFIX_PATH=/home/youri/action_ws/install/action_tutorials_interfaces:${AMENT_PREFIX_PATH} CMAKE_PREFIX_PATH=/home/youri/action_ws/install/action_tutorials_interfaces:/opt/ros/foxy LD_LIBRARY_PATH=/home/youri/action_ws/install/action_tutorials_interfaces/lib:${LD_LIBRARY_PATH} PYTHONPATH=/home/youri/action_ws/install/action_tutorials_interfaces/lib/python3.8/site-packages:${PYTHONPATH} /usr/bin/cmake --build /home/youri/action_ws/build/action_tutorials_cpp -- -j8 -l8
[2.636s] [35m[1mScanning dependencies of target action_server[0m
[2.636s] [35m[1mScanning dependencies of target fibonacci_action_server[0m
[2.743s] [ 25%] [32mBuilding CXX object CMakeFiles/fibonacci_action_server.dir/rclcpp_components/node_main_fibonacci_action_server.cpp.o[0m
[2.746s] [ 50%] [32mBuilding CXX object CMakeFiles/action_server.dir/src/fibonacci_action_server.cpp.o[0m
[5.980s] [ 75%] [32m[1mLinking CXX executable fibonacci_action_server[0m
[6.202s] [ 75%] Built target fibonacci_action_server
[7.272s] [100%] [32m[1mLinking CXX shared library libaction_server.so[0m
[7.481s] [100%] Built target action_server
[7.498s] Invoked command in '/home/youri/action_ws/build/action_tutorials_cpp' returned '0': AMENT_PREFIX_PATH=/home/youri/action_ws/install/action_tutorials_interfaces:${AMENT_PREFIX_PATH} CMAKE_PREFIX_PATH=/home/youri/action_ws/install/action_tutorials_interfaces:/opt/ros/foxy LD_LIBRARY_PATH=/home/youri/action_ws/install/action_tutorials_interfaces/lib:${LD_LIBRARY_PATH} PYTHONPATH=/home/youri/action_ws/install/action_tutorials_interfaces/lib/python3.8/site-packages:${PYTHONPATH} /usr/bin/cmake --build /home/youri/action_ws/build/action_tutorials_cpp -- -j8 -l8
[7.544s] Invoking command in '/home/youri/action_ws/build/action_tutorials_cpp': AMENT_PREFIX_PATH=/home/youri/action_ws/install/action_tutorials_interfaces:${AMENT_PREFIX_PATH} CMAKE_PREFIX_PATH=/home/youri/action_ws/install/action_tutorials_interfaces:/opt/ros/foxy LD_LIBRARY_PATH=/home/youri/action_ws/install/action_tutorials_interfaces/lib:${LD_LIBRARY_PATH} PYTHONPATH=/home/youri/action_ws/install/action_tutorials_interfaces/lib/python3.8/site-packages:${PYTHONPATH} /usr/bin/cmake --install /home/youri/action_ws/build/action_tutorials_cpp
[7.558s] -- Install configuration: ""
[7.558s] -- Installing: /home/youri/action_ws/install/action_tutorials_cpp/lib/action_tutorials_cpp/fibonacci_action_server
[7.559s] -- Set runtime path of "/home/youri/action_ws/install/action_tutorials_cpp/lib/action_tutorials_cpp/fibonacci_action_server" to ""
[7.559s] -- Installing: /home/youri/action_ws/install/action_tutorials_cpp/lib/libaction_server.so
[7.562s] -- Set runtime path of "/home/youri/action_ws/install/action_tutorials_cpp/lib/libaction_server.so" to ""
[7.562s] -- Installing: /home/youri/action_ws/install/action_tutorials_cpp/share/ament_index/resource_index/package_run_dependencies/action_tutorials_cpp
[7.563s] -- Installing: /home/youri/action_ws/install/action_tutorials_cpp/share/ament_index/resource_index/parent_prefix_path/action_tutorials_cpp
[7.563s] -- Installing: /home/youri/action_ws/install/action_tutorials_cpp/share/action_tutorials_cpp/environment/ament_prefix_path.sh
[7.563s] -- Installing: /home/youri/action_ws/install/action_tutorials_cpp/share/action_tutorials_cpp/environment/ament_prefix_path.dsv
[7.564s] -- Installing: /home/youri/action_ws/install/action_tutorials_cpp/share/action_tutorials_cpp/environment/path.sh
[7.564s] -- Installing: /home/youri/action_ws/install/action_tutorials_cpp/share/action_tutorials_cpp/environment/path.dsv
[7.564s] -- Installing: /home/youri/action_ws/install/action_tutorials_cpp/share/action_tutorials_cpp/local_setup.bash
[7.564s] -- Installing: /home/youri/action_ws/install/action_tutorials_cpp/share/action_tutorials_cpp/local_setup.sh
[7.564s] -- Installing: /home/youri/action_ws/install/action_tutorials_cpp/share/action_tutorials_cpp/local_setup.zsh
[7.565s] -- Installing: /home/youri/action_ws/install/action_tutorials_cpp/share/action_tutorials_cpp/local_setup.dsv
[7.565s] -- Installing: /home/youri/action_ws/install/action_tutorials_cpp/share/action_tutorials_cpp/package.dsv
[7.565s] -- Installing: /home/youri/action_ws/install/action_tutorials_cpp/share/ament_index/resource_index/packages/action_tutorials_cpp
[7.566s] -- Installing: /home/youri/action_ws/install/action_tutorials_cpp/share/ament_index/resource_index/rclcpp_components/action_tutorials_cpp
[7.566s] -- Installing: /home/youri/action_ws/install/action_tutorials_cpp/share/action_tutorials_cpp/cmake/action_tutorials_cppConfig.cmake
[7.566s] -- Installing: /home/youri/action_ws/install/action_tutorials_cpp/share/action_tutorials_cpp/cmake/action_tutorials_cppConfig-version.cmake
[7.567s] -- Installing: /home/youri/action_ws/install/action_tutorials_cpp/share/action_tutorials_cpp/package.xml
[7.571s] Invoked command in '/home/youri/action_ws/build/action_tutorials_cpp' returned '0': AMENT_PREFIX_PATH=/home/youri/action_ws/install/action_tutorials_interfaces:${AMENT_PREFIX_PATH} CMAKE_PREFIX_PATH=/home/youri/action_ws/install/action_tutorials_interfaces:/opt/ros/foxy LD_LIBRARY_PATH=/home/youri/action_ws/install/action_tutorials_interfaces/lib:${LD_LIBRARY_PATH} PYTHONPATH=/home/youri/action_ws/install/action_tutorials_interfaces/lib/python3.8/site-packages:${PYTHONPATH} /usr/bin/cmake --install /home/youri/action_ws/build/action_tutorials_cpp
