[0.021s] Invoking command in '/home/youri/action_ws/build/action_tutorials_interfaces': CMAKE_PREFIX_PATH=/opt/ros/foxy /usr/bin/cmake /home/youri/action_ws/src/action_tutorials_interfaces -DCMAKE_INSTALL_PREFIX=/home/youri/action_ws/install/action_tutorials_interfaces
[0.243s] -- The C compiler identification is GNU 9.3.0
[0.398s] -- The CXX compiler identification is GNU 9.3.0
[0.409s] -- Check for working C compiler: /usr/bin/cc
[0.517s] -- Check for working C compiler: /usr/bin/cc -- works
[0.519s] -- Detecting C compiler ABI info
[0.634s] -- Detecting C compiler ABI info - done
[0.657s] -- Detecting C compile features
[0.658s] -- Detecting C compile features - done
[0.661s] -- Check for working CXX compiler: /usr/bin/c++
[0.780s] -- Check for working CXX compiler: /usr/bin/c++ -- works
[0.782s] -- Detecting CXX compiler ABI info
[0.904s] -- Detecting CXX compiler ABI info - done
[0.923s] -- Detecting CXX compile features
[0.924s] -- Detecting CXX compile features - done
[0.930s] -- Found ament_cmake: 0.9.9 (/opt/ros/foxy/share/ament_cmake/cmake)
[0.975s] -- Found PythonInterp: /usr/bin/python3 (found suitable version "3.8.10", minimum required is "3") 
[0.976s] -- Using PYTHON_EXECUTABLE: /usr/bin/python3
[1.259s] -- Found ament_lint_auto: 0.9.6 (/opt/ros/foxy/share/ament_lint_auto/cmake)
[1.367s] -- Found rosidl_default_generators: 1.0.1 (/opt/ros/foxy/share/rosidl_default_generators/cmake)
[1.377s] -- Using all available rosidl_typesupport_c: rosidl_typesupport_fastrtps_c;rosidl_typesupport_introspection_c
[1.390s] -- Found rosidl_adapter: 1.2.1 (/opt/ros/foxy/share/rosidl_adapter/cmake)
[1.543s] -- Found OpenSSL: /usr/lib/x86_64-linux-gnu/libcrypto.so (found version "1.1.1f")  
[1.595s] -- Found FastRTPS: /opt/ros/foxy/include  
[1.714s] -- Using all available rosidl_typesupport_cpp: rosidl_typesupport_fastrtps_cpp;rosidl_typesupport_introspection_cpp
[1.780s] -- Found PythonInterp: /usr/bin/python3 (found version "3.8.10") 
[1.982s] -- Found ament_cmake_ros: 0.9.2 (/opt/ros/foxy/share/ament_cmake_ros/cmake)
[2.165s] -- Using all available rosidl_typesupport_c: rosidl_typesupport_fastrtps_c;rosidl_typesupport_introspection_c
[2.200s] -- Using all available rosidl_typesupport_cpp: rosidl_typesupport_fastrtps_cpp;rosidl_typesupport_introspection_cpp
[2.239s] -- Found PythonInterp: /usr/bin/python3 (found suitable version "3.8.10", minimum required is "3.5") 
[2.242s] -- Found python_cmake_module: 0.8.1 (/opt/ros/foxy/share/python_cmake_module/cmake)
[2.289s] -- Found PythonLibs: /usr/lib/x86_64-linux-gnu/libpython3.8.so (found suitable version "3.8.10", minimum required is "3.5") 
[2.289s] -- Using PYTHON_EXECUTABLE: /usr/bin/python3
[2.289s] -- Using PYTHON_INCLUDE_DIRS: /usr/include/python3.8
[2.289s] -- Using PYTHON_LIBRARIES: /usr/lib/x86_64-linux-gnu/libpython3.8.so
[2.328s] -- Found PythonExtra: .so  
[2.407s] -- Added test 'copyright' to check source files copyright and LICENSE
[2.410s] -- Added test 'lint_cmake' to check CMake code style
[2.413s] -- Added test 'xmllint' to check XML markup files
[2.427s] -- Configuring done
[2.498s] -- Generating done
[2.501s] -- Build files have been written to: /home/youri/action_ws/build/action_tutorials_interfaces
[2.512s] Invoked command in '/home/youri/action_ws/build/action_tutorials_interfaces' returned '0': CMAKE_PREFIX_PATH=/opt/ros/foxy /usr/bin/cmake /home/youri/action_ws/src/action_tutorials_interfaces -DCMAKE_INSTALL_PREFIX=/home/youri/action_ws/install/action_tutorials_interfaces
[2.516s] Invoking command in '/home/youri/action_ws/build/action_tutorials_interfaces': CMAKE_PREFIX_PATH=/opt/ros/foxy /usr/bin/cmake --build /home/youri/action_ws/build/action_tutorials_interfaces -- -j8 -l8
[2.570s] [35m[1mScanning dependencies of target action_tutorials_interfaces__cpp[0m
[2.570s] [  3%] [34m[1mGenerating C code for ROS interfaces[0m
[2.588s] [  6%] [34m[1mGenerating C++ code for ROS interfaces[0m
[3.241s] [  6%] Built target action_tutorials_interfaces__cpp
[3.245s] [35m[1mScanning dependencies of target action_tutorials_interfaces__rosidl_generator_c[0m
[3.261s] [ 12%] [34m[1mGenerating C++ type support for eProsima Fast-RTPS[0m
[3.261s] [ 12%] [34m[1mGenerating C++ type support dispatch for ROS interfaces[0m
[3.263s] [ 16%] [34m[1mGenerating C++ introspection for ROS interfaces[0m
[3.272s] [ 19%] [32mBuilding C object CMakeFiles/action_tutorials_interfaces__rosidl_generator_c.dir/rosidl_generator_c/action_tutorials_interfaces/action/detail/fibonacci__functions.c.o[0m
[3.452s] [ 22%] [32m[1mLinking C shared library libaction_tutorials_interfaces__rosidl_generator_c.so[0m
[3.530s] [ 22%] Built target action_tutorials_interfaces__rosidl_generator_c
[3.552s] [ 25%] [34m[1mGenerating C introspection for ROS interfaces[0m
[3.558s] [ 29%] [34m[1mGenerating C type support dispatch for ROS interfaces[0m
[3.778s] [35m[1mScanning dependencies of target action_tutorials_interfaces__rosidl_typesupport_cpp[0m
[3.813s] [ 32%] [32mBuilding CXX object CMakeFiles/action_tutorials_interfaces__rosidl_typesupport_cpp.dir/rosidl_typesupport_cpp/action_tutorials_interfaces/action/fibonacci__type_support.cpp.o[0m
[3.891s] [35m[1mScanning dependencies of target action_tutorials_interfaces__rosidl_typesupport_introspection_cpp[0m
[3.923s] [ 35%] [32mBuilding CXX object CMakeFiles/action_tutorials_interfaces__rosidl_typesupport_introspection_cpp.dir/rosidl_typesupport_introspection_cpp/action_tutorials_interfaces/action/detail/fibonacci__type_support.cpp.o[0m
[4.013s] [35m[1mScanning dependencies of target action_tutorials_interfaces__rosidl_typesupport_fastrtps_cpp[0m
[4.077s] [ 38%] [32mBuilding CXX object CMakeFiles/action_tutorials_interfaces__rosidl_typesupport_fastrtps_cpp.dir/rosidl_typesupport_fastrtps_cpp/action_tutorials_interfaces/action/detail/dds_fastrtps/fibonacci__type_support.cpp.o[0m
[4.205s] [35m[1mScanning dependencies of target action_tutorials_interfaces__rosidl_typesupport_c[0m
[4.237s] [ 41%] [32mBuilding CXX object CMakeFiles/action_tutorials_interfaces__rosidl_typesupport_c.dir/rosidl_typesupport_c/action_tutorials_interfaces/action/fibonacci__type_support.cpp.o[0m
[4.340s] [ 45%] [32m[1mLinking CXX shared library libaction_tutorials_interfaces__rosidl_typesupport_c.so[0m
[4.396s] [35m[1mScanning dependencies of target action_tutorials_interfaces__rosidl_typesupport_introspection_c[0m
[4.424s] [ 48%] [32mBuilding C object CMakeFiles/action_tutorials_interfaces__rosidl_typesupport_introspection_c.dir/rosidl_typesupport_introspection_c/action_tutorials_interfaces/action/detail/fibonacci__type_support.c.o[0m
[4.427s] [ 48%] Built target action_tutorials_interfaces__rosidl_typesupport_c
[4.512s] [ 51%] [32m[1mLinking C shared library libaction_tutorials_interfaces__rosidl_typesupport_introspection_c.so[0m
[4.570s] [ 51%] Built target action_tutorials_interfaces__rosidl_typesupport_introspection_c
[4.647s] [ 54%] [32m[1mLinking CXX shared library libaction_tutorials_interfaces__rosidl_typesupport_cpp.so[0m
[4.727s] [ 54%] Built target action_tutorials_interfaces__rosidl_typesupport_cpp
[4.769s] [ 58%] [32m[1mLinking CXX shared library libaction_tutorials_interfaces__rosidl_typesupport_introspection_cpp.so[0m
[4.895s] [ 58%] Built target action_tutorials_interfaces__rosidl_typesupport_introspection_cpp
[5.252s] [ 61%] [32m[1mLinking CXX shared library libaction_tutorials_interfaces__rosidl_typesupport_fastrtps_cpp.so[0m
[5.414s] [ 61%] Built target action_tutorials_interfaces__rosidl_typesupport_fastrtps_cpp
[5.432s] [ 64%] [34m[1mGenerating C type support for eProsima Fast-RTPS[0m
[5.965s] [35m[1mScanning dependencies of target action_tutorials_interfaces__rosidl_typesupport_fastrtps_c[0m
[5.992s] [ 67%] [32mBuilding CXX object CMakeFiles/action_tutorials_interfaces__rosidl_typesupport_fastrtps_c.dir/rosidl_typesupport_fastrtps_c/action_tutorials_interfaces/action/detail/fibonacci__type_support_c.cpp.o[0m
[6.571s] [ 70%] [32m[1mLinking CXX shared library libaction_tutorials_interfaces__rosidl_typesupport_fastrtps_c.so[0m
[6.715s] [ 70%] Built target action_tutorials_interfaces__rosidl_typesupport_fastrtps_c
[6.728s] [35m[1mScanning dependencies of target action_tutorials_interfaces[0m
[6.743s] [ 70%] Built target action_tutorials_interfaces
[6.761s] [35m[1mScanning dependencies of target action_tutorials_interfaces__py[0m
[6.780s] [ 74%] [34m[1mGenerating Python code for ROS interfaces[0m
[8.146s] [ 74%] Built target action_tutorials_interfaces__py
[8.162s] [35m[1mScanning dependencies of target action_tutorials_interfaces__python[0m
[8.216s] [ 77%] [32mBuilding C object CMakeFiles/action_tutorials_interfaces__python.dir/rosidl_generator_py/action_tutorials_interfaces/action/_fibonacci_s.c.o[0m
[8.423s] [ 80%] [32m[1mLinking C shared library rosidl_generator_py/action_tutorials_interfaces/libaction_tutorials_interfaces__python.so[0m
[8.504s] [ 80%] Built target action_tutorials_interfaces__python
[8.522s] [35m[1mScanning dependencies of target action_tutorials_interfaces__rosidl_typesupport_c__pyext[0m
[8.522s] [35m[1mScanning dependencies of target action_tutorials_interfaces__rosidl_typesupport_introspection_c__pyext[0m
[8.522s] [35m[1mScanning dependencies of target action_tutorials_interfaces__rosidl_typesupport_fastrtps_c__pyext[0m
[8.553s] [ 83%] [32mBuilding C object CMakeFiles/action_tutorials_interfaces__rosidl_typesupport_c__pyext.dir/rosidl_generator_py/action_tutorials_interfaces/_action_tutorials_interfaces_s.ep.rosidl_typesupport_c.c.o[0m
[8.558s] [ 87%] [32mBuilding C object CMakeFiles/action_tutorials_interfaces__rosidl_typesupport_introspection_c__pyext.dir/rosidl_generator_py/action_tutorials_interfaces/_action_tutorials_interfaces_s.ep.rosidl_typesupport_introspection_c.c.o[0m
[8.562s] [ 90%] [32mBuilding C object CMakeFiles/action_tutorials_interfaces__rosidl_typesupport_fastrtps_c__pyext.dir/rosidl_generator_py/action_tutorials_interfaces/_action_tutorials_interfaces_s.ep.rosidl_typesupport_fastrtps_c.c.o[0m
[8.738s] [ 93%] [32m[1mLinking C shared library rosidl_generator_py/action_tutorials_interfaces/action_tutorials_interfaces_s__rosidl_typesupport_c.cpython-38-x86_64-linux-gnu.so[0m
[8.738s] [ 96%] [32m[1mLinking C shared library rosidl_generator_py/action_tutorials_interfaces/action_tutorials_interfaces_s__rosidl_typesupport_introspection_c.cpython-38-x86_64-linux-gnu.so[0m
[8.747s] [100%] [32m[1mLinking CXX shared library rosidl_generator_py/action_tutorials_interfaces/action_tutorials_interfaces_s__rosidl_typesupport_fastrtps_c.cpython-38-x86_64-linux-gnu.so[0m
[8.810s] [100%] Built target action_tutorials_interfaces__rosidl_typesupport_c__pyext
[8.810s] [100%] Built target action_tutorials_interfaces__rosidl_typesupport_introspection_c__pyext
[8.868s] [100%] Built target action_tutorials_interfaces__rosidl_typesupport_fastrtps_c__pyext
[8.886s] Invoked command in '/home/youri/action_ws/build/action_tutorials_interfaces' returned '0': CMAKE_PREFIX_PATH=/opt/ros/foxy /usr/bin/cmake --build /home/youri/action_ws/build/action_tutorials_interfaces -- -j8 -l8
[8.980s] Invoking command in '/home/youri/action_ws/build/action_tutorials_interfaces': CMAKE_PREFIX_PATH=/opt/ros/foxy /usr/bin/cmake --install /home/youri/action_ws/build/action_tutorials_interfaces
[8.994s] -- Install configuration: ""
[8.994s] -- Installing: /home/youri/action_ws/install/action_tutorials_interfaces/share/ament_index/resource_index/rosidl_interfaces/action_tutorials_interfaces
[8.995s] -- Installing: /home/youri/action_ws/install/action_tutorials_interfaces/include/action_tutorials_interfaces
[8.995s] -- Installing: /home/youri/action_ws/install/action_tutorials_interfaces/include/action_tutorials_interfaces/msg
[8.995s] -- Installing: /home/youri/action_ws/install/action_tutorials_interfaces/include/action_tutorials_interfaces/msg/rosidl_generator_c__visibility_control.h
[8.996s] -- Installing: /home/youri/action_ws/install/action_tutorials_interfaces/include/action_tutorials_interfaces/action
[8.996s] -- Installing: /home/youri/action_ws/install/action_tutorials_interfaces/include/action_tutorials_interfaces/action/fibonacci.h
[8.996s] -- Installing: /home/youri/action_ws/install/action_tutorials_interfaces/include/action_tutorials_interfaces/action/detail
[8.997s] -- Installing: /home/youri/action_ws/install/action_tutorials_interfaces/include/action_tutorials_interfaces/action/detail/fibonacci__functions.h
[8.997s] -- Installing: /home/youri/action_ws/install/action_tutorials_interfaces/include/action_tutorials_interfaces/action/detail/fibonacci__type_support.h
[8.997s] -- Installing: /home/youri/action_ws/install/action_tutorials_interfaces/include/action_tutorials_interfaces/action/detail/fibonacci__functions.c
[8.997s] -- Installing: /home/youri/action_ws/install/action_tutorials_interfaces/include/action_tutorials_interfaces/action/detail/fibonacci__struct.h
[8.997s] -- Installing: /home/youri/action_ws/install/action_tutorials_interfaces/share/action_tutorials_interfaces/environment/library_path.sh
[8.997s] -- Installing: /home/youri/action_ws/install/action_tutorials_interfaces/share/action_tutorials_interfaces/environment/library_path.dsv
[8.998s] -- Installing: /home/youri/action_ws/install/action_tutorials_interfaces/lib/libaction_tutorials_interfaces__rosidl_generator_c.so
[8.998s] -- Set runtime path of "/home/youri/action_ws/install/action_tutorials_interfaces/lib/libaction_tutorials_interfaces__rosidl_generator_c.so" to ""
[8.999s] -- Up-to-date: /home/youri/action_ws/install/action_tutorials_interfaces/include/action_tutorials_interfaces
[8.999s] -- Up-to-date: /home/youri/action_ws/install/action_tutorials_interfaces/include/action_tutorials_interfaces/msg
[8.999s] -- Installing: /home/youri/action_ws/install/action_tutorials_interfaces/include/action_tutorials_interfaces/msg/rosidl_typesupport_fastrtps_c__visibility_control.h
[8.999s] -- Up-to-date: /home/youri/action_ws/install/action_tutorials_interfaces/include/action_tutorials_interfaces/action
[8.999s] -- Up-to-date: /home/youri/action_ws/install/action_tutorials_interfaces/include/action_tutorials_interfaces/action/detail
[8.999s] -- Installing: /home/youri/action_ws/install/action_tutorials_interfaces/include/action_tutorials_interfaces/action/detail/fibonacci__rosidl_typesupport_fastrtps_c.h
[9.000s] -- Installing: /home/youri/action_ws/install/action_tutorials_interfaces/lib/libaction_tutorials_interfaces__rosidl_typesupport_fastrtps_c.so
[9.000s] -- Set runtime path of "/home/youri/action_ws/install/action_tutorials_interfaces/lib/libaction_tutorials_interfaces__rosidl_typesupport_fastrtps_c.so" to ""
[9.001s] -- Up-to-date: /home/youri/action_ws/install/action_tutorials_interfaces/include/action_tutorials_interfaces
[9.001s] -- Up-to-date: /home/youri/action_ws/install/action_tutorials_interfaces/include/action_tutorials_interfaces/msg
[9.001s] -- Installing: /home/youri/action_ws/install/action_tutorials_interfaces/include/action_tutorials_interfaces/msg/rosidl_typesupport_fastrtps_cpp__visibility_control.h
[9.001s] -- Up-to-date: /home/youri/action_ws/install/action_tutorials_interfaces/include/action_tutorials_interfaces/action
[9.001s] -- Up-to-date: /home/youri/action_ws/install/action_tutorials_interfaces/include/action_tutorials_interfaces/action/detail
[9.002s] -- Installing: /home/youri/action_ws/install/action_tutorials_interfaces/include/action_tutorials_interfaces/action/detail/fibonacci__rosidl_typesupport_fastrtps_cpp.hpp
[9.002s] -- Installing: /home/youri/action_ws/install/action_tutorials_interfaces/include/action_tutorials_interfaces/action/detail/dds_fastrtps
[9.002s] -- Installing: /home/youri/action_ws/install/action_tutorials_interfaces/lib/libaction_tutorials_interfaces__rosidl_typesupport_fastrtps_cpp.so
[9.002s] -- Set runtime path of "/home/youri/action_ws/install/action_tutorials_interfaces/lib/libaction_tutorials_interfaces__rosidl_typesupport_fastrtps_cpp.so" to ""
[9.003s] -- Up-to-date: /home/youri/action_ws/install/action_tutorials_interfaces/include/action_tutorials_interfaces
[9.003s] -- Up-to-date: /home/youri/action_ws/install/action_tutorials_interfaces/include/action_tutorials_interfaces/msg
[9.003s] -- Installing: /home/youri/action_ws/install/action_tutorials_interfaces/include/action_tutorials_interfaces/msg/rosidl_typesupport_introspection_c__visibility_control.h
[9.003s] -- Up-to-date: /home/youri/action_ws/install/action_tutorials_interfaces/include/action_tutorials_interfaces/action
[9.003s] -- Up-to-date: /home/youri/action_ws/install/action_tutorials_interfaces/include/action_tutorials_interfaces/action/detail
[9.003s] -- Installing: /home/youri/action_ws/install/action_tutorials_interfaces/include/action_tutorials_interfaces/action/detail/fibonacci__type_support.c
[9.004s] -- Installing: /home/youri/action_ws/install/action_tutorials_interfaces/include/action_tutorials_interfaces/action/detail/fibonacci__rosidl_typesupport_introspection_c.h
[9.004s] -- Installing: /home/youri/action_ws/install/action_tutorials_interfaces/lib/libaction_tutorials_interfaces__rosidl_typesupport_introspection_c.so
[9.005s] -- Set runtime path of "/home/youri/action_ws/install/action_tutorials_interfaces/lib/libaction_tutorials_interfaces__rosidl_typesupport_introspection_c.so" to ""
[9.005s] -- Installing: /home/youri/action_ws/install/action_tutorials_interfaces/lib/libaction_tutorials_interfaces__rosidl_typesupport_c.so
[9.006s] -- Set runtime path of "/home/youri/action_ws/install/action_tutorials_interfaces/lib/libaction_tutorials_interfaces__rosidl_typesupport_c.so" to ""
[9.006s] -- Up-to-date: /home/youri/action_ws/install/action_tutorials_interfaces/include/action_tutorials_interfaces
[9.006s] -- Up-to-date: /home/youri/action_ws/install/action_tutorials_interfaces/include/action_tutorials_interfaces/action
[9.006s] -- Installing: /home/youri/action_ws/install/action_tutorials_interfaces/include/action_tutorials_interfaces/action/fibonacci.hpp
[9.007s] -- Up-to-date: /home/youri/action_ws/install/action_tutorials_interfaces/include/action_tutorials_interfaces/action/detail
[9.007s] -- Installing: /home/youri/action_ws/install/action_tutorials_interfaces/include/action_tutorials_interfaces/action/detail/fibonacci__traits.hpp
[9.007s] -- Installing: /home/youri/action_ws/install/action_tutorials_interfaces/include/action_tutorials_interfaces/action/detail/fibonacci__builder.hpp
[9.007s] -- Installing: /home/youri/action_ws/install/action_tutorials_interfaces/include/action_tutorials_interfaces/action/detail/fibonacci__struct.hpp
[9.008s] -- Up-to-date: /home/youri/action_ws/install/action_tutorials_interfaces/include/action_tutorials_interfaces
[9.008s] -- Up-to-date: /home/youri/action_ws/install/action_tutorials_interfaces/include/action_tutorials_interfaces/action
[9.008s] -- Up-to-date: /home/youri/action_ws/install/action_tutorials_interfaces/include/action_tutorials_interfaces/action/detail
[9.008s] -- Installing: /home/youri/action_ws/install/action_tutorials_interfaces/include/action_tutorials_interfaces/action/detail/fibonacci__type_support.cpp
[9.008s] -- Installing: /home/youri/action_ws/install/action_tutorials_interfaces/include/action_tutorials_interfaces/action/detail/fibonacci__rosidl_typesupport_introspection_cpp.hpp
[9.008s] -- Installing: /home/youri/action_ws/install/action_tutorials_interfaces/lib/libaction_tutorials_interfaces__rosidl_typesupport_introspection_cpp.so
[9.009s] -- Set runtime path of "/home/youri/action_ws/install/action_tutorials_interfaces/lib/libaction_tutorials_interfaces__rosidl_typesupport_introspection_cpp.so" to ""
[9.009s] -- Installing: /home/youri/action_ws/install/action_tutorials_interfaces/lib/libaction_tutorials_interfaces__rosidl_typesupport_cpp.so
[9.010s] -- Set runtime path of "/home/youri/action_ws/install/action_tutorials_interfaces/lib/libaction_tutorials_interfaces__rosidl_typesupport_cpp.so" to ""
[9.011s] -- Installing: /home/youri/action_ws/install/action_tutorials_interfaces/share/action_tutorials_interfaces/environment/pythonpath.sh
[9.011s] -- Installing: /home/youri/action_ws/install/action_tutorials_interfaces/share/action_tutorials_interfaces/environment/pythonpath.dsv
[9.011s] -- Installing: /home/youri/action_ws/install/action_tutorials_interfaces/lib/python3.8/site-packages/action_tutorials_interfaces/__init__.py
[9.064s] Compiling '/home/youri/action_ws/install/action_tutorials_interfaces/lib/python3.8/site-packages/action_tutorials_interfaces/__init__.py'...
[9.069s] -- Installing: /home/youri/action_ws/install/action_tutorials_interfaces/lib/python3.8/site-packages/action_tutorials_interfaces/action
[9.069s] -- Installing: /home/youri/action_ws/install/action_tutorials_interfaces/lib/python3.8/site-packages/action_tutorials_interfaces/action/__init__.py
[9.070s] -- Installing: /home/youri/action_ws/install/action_tutorials_interfaces/lib/python3.8/site-packages/action_tutorials_interfaces/action/_fibonacci.py
[9.070s] -- Installing: /home/youri/action_ws/install/action_tutorials_interfaces/lib/python3.8/site-packages/action_tutorials_interfaces/action/_fibonacci_s.c
[9.070s] -- Installing: /home/youri/action_ws/install/action_tutorials_interfaces/lib/python3.8/site-packages/action_tutorials_interfaces/action_tutorials_interfaces_s__rosidl_typesupport_fastrtps_c.cpython-38-x86_64-linux-gnu.so
[9.071s] -- Set runtime path of "/home/youri/action_ws/install/action_tutorials_interfaces/lib/python3.8/site-packages/action_tutorials_interfaces/action_tutorials_interfaces_s__rosidl_typesupport_fastrtps_c.cpython-38-x86_64-linux-gnu.so" to ""
[9.072s] -- Installing: /home/youri/action_ws/install/action_tutorials_interfaces/lib/python3.8/site-packages/action_tutorials_interfaces/action_tutorials_interfaces_s__rosidl_typesupport_introspection_c.cpython-38-x86_64-linux-gnu.so
[9.073s] -- Set runtime path of "/home/youri/action_ws/install/action_tutorials_interfaces/lib/python3.8/site-packages/action_tutorials_interfaces/action_tutorials_interfaces_s__rosidl_typesupport_introspection_c.cpython-38-x86_64-linux-gnu.so" to ""
[9.073s] -- Installing: /home/youri/action_ws/install/action_tutorials_interfaces/lib/python3.8/site-packages/action_tutorials_interfaces/action_tutorials_interfaces_s__rosidl_typesupport_c.cpython-38-x86_64-linux-gnu.so
[9.074s] -- Set runtime path of "/home/youri/action_ws/install/action_tutorials_interfaces/lib/python3.8/site-packages/action_tutorials_interfaces/action_tutorials_interfaces_s__rosidl_typesupport_c.cpython-38-x86_64-linux-gnu.so" to ""
[9.074s] -- Installing: /home/youri/action_ws/install/action_tutorials_interfaces/lib/libaction_tutorials_interfaces__python.so
[9.075s] -- Set runtime path of "/home/youri/action_ws/install/action_tutorials_interfaces/lib/libaction_tutorials_interfaces__python.so" to ""
[9.075s] -- Installing: /home/youri/action_ws/install/action_tutorials_interfaces/share/action_tutorials_interfaces/action/Fibonacci.idl
[9.075s] -- Installing: /home/youri/action_ws/install/action_tutorials_interfaces/share/action_tutorials_interfaces/action/Fibonacci.action
[9.076s] -- Installing: /home/youri/action_ws/install/action_tutorials_interfaces/share/ament_index/resource_index/package_run_dependencies/action_tutorials_interfaces
[9.076s] -- Installing: /home/youri/action_ws/install/action_tutorials_interfaces/share/ament_index/resource_index/parent_prefix_path/action_tutorials_interfaces
[9.076s] -- Installing: /home/youri/action_ws/install/action_tutorials_interfaces/share/action_tutorials_interfaces/environment/ament_prefix_path.sh
[9.076s] -- Installing: /home/youri/action_ws/install/action_tutorials_interfaces/share/action_tutorials_interfaces/environment/ament_prefix_path.dsv
[9.077s] -- Installing: /home/youri/action_ws/install/action_tutorials_interfaces/share/action_tutorials_interfaces/environment/path.sh
[9.077s] -- Installing: /home/youri/action_ws/install/action_tutorials_interfaces/share/action_tutorials_interfaces/environment/path.dsv
[9.077s] -- Installing: /home/youri/action_ws/install/action_tutorials_interfaces/share/action_tutorials_interfaces/local_setup.bash
[9.077s] -- Installing: /home/youri/action_ws/install/action_tutorials_interfaces/share/action_tutorials_interfaces/local_setup.sh
[9.078s] -- Installing: /home/youri/action_ws/install/action_tutorials_interfaces/share/action_tutorials_interfaces/local_setup.zsh
[9.078s] -- Installing: /home/youri/action_ws/install/action_tutorials_interfaces/share/action_tutorials_interfaces/local_setup.dsv
[9.078s] -- Installing: /home/youri/action_ws/install/action_tutorials_interfaces/share/action_tutorials_interfaces/package.dsv
[9.078s] -- Installing: /home/youri/action_ws/install/action_tutorials_interfaces/share/ament_index/resource_index/packages/action_tutorials_interfaces
[9.079s] -- Installing: /home/youri/action_ws/install/action_tutorials_interfaces/share/action_tutorials_interfaces/cmake/action_tutorials_interfaces__rosidl_generator_cExport.cmake
[9.079s] -- Installing: /home/youri/action_ws/install/action_tutorials_interfaces/share/action_tutorials_interfaces/cmake/action_tutorials_interfaces__rosidl_generator_cExport-noconfig.cmake
[9.080s] -- Installing: /home/youri/action_ws/install/action_tutorials_interfaces/share/action_tutorials_interfaces/cmake/action_tutorials_interfaces__rosidl_typesupport_introspection_cExport.cmake
[9.080s] -- Installing: /home/youri/action_ws/install/action_tutorials_interfaces/share/action_tutorials_interfaces/cmake/action_tutorials_interfaces__rosidl_typesupport_introspection_cExport-noconfig.cmake
[9.081s] -- Installing: /home/youri/action_ws/install/action_tutorials_interfaces/share/action_tutorials_interfaces/cmake/action_tutorials_interfaces__rosidl_typesupport_cExport.cmake
[9.081s] -- Installing: /home/youri/action_ws/install/action_tutorials_interfaces/share/action_tutorials_interfaces/cmake/action_tutorials_interfaces__rosidl_typesupport_cExport-noconfig.cmake
[9.081s] -- Installing: /home/youri/action_ws/install/action_tutorials_interfaces/share/action_tutorials_interfaces/cmake/action_tutorials_interfaces__rosidl_generator_cppExport.cmake
[9.082s] -- Installing: /home/youri/action_ws/install/action_tutorials_interfaces/share/action_tutorials_interfaces/cmake/action_tutorials_interfaces__rosidl_typesupport_introspection_cppExport.cmake
[9.082s] -- Installing: /home/youri/action_ws/install/action_tutorials_interfaces/share/action_tutorials_interfaces/cmake/action_tutorials_interfaces__rosidl_typesupport_introspection_cppExport-noconfig.cmake
[9.083s] -- Installing: /home/youri/action_ws/install/action_tutorials_interfaces/share/action_tutorials_interfaces/cmake/action_tutorials_interfaces__rosidl_typesupport_cppExport.cmake
[9.083s] -- Installing: /home/youri/action_ws/install/action_tutorials_interfaces/share/action_tutorials_interfaces/cmake/action_tutorials_interfaces__rosidl_typesupport_cppExport-noconfig.cmake
[9.083s] -- Installing: /home/youri/action_ws/install/action_tutorials_interfaces/share/action_tutorials_interfaces/cmake/rosidl_cmake-extras.cmake
[9.084s] -- Installing: /home/youri/action_ws/install/action_tutorials_interfaces/share/action_tutorials_interfaces/cmake/ament_cmake_export_dependencies-extras.cmake
[9.084s] -- Installing: /home/youri/action_ws/install/action_tutorials_interfaces/share/action_tutorials_interfaces/cmake/ament_cmake_export_libraries-extras.cmake
[9.085s] -- Installing: /home/youri/action_ws/install/action_tutorials_interfaces/share/action_tutorials_interfaces/cmake/ament_cmake_export_targets-extras.cmake
[9.085s] -- Installing: /home/youri/action_ws/install/action_tutorials_interfaces/share/action_tutorials_interfaces/cmake/ament_cmake_export_include_directories-extras.cmake
[9.085s] -- Installing: /home/youri/action_ws/install/action_tutorials_interfaces/share/action_tutorials_interfaces/cmake/rosidl_cmake_export_typesupport_libraries-extras.cmake
[9.086s] -- Installing: /home/youri/action_ws/install/action_tutorials_interfaces/share/action_tutorials_interfaces/cmake/rosidl_cmake_export_typesupport_targets-extras.cmake
[9.086s] -- Installing: /home/youri/action_ws/install/action_tutorials_interfaces/share/action_tutorials_interfaces/cmake/action_tutorials_interfacesConfig.cmake
[9.086s] -- Installing: /home/youri/action_ws/install/action_tutorials_interfaces/share/action_tutorials_interfaces/cmake/action_tutorials_interfacesConfig-version.cmake
[9.087s] -- Installing: /home/youri/action_ws/install/action_tutorials_interfaces/share/action_tutorials_interfaces/package.xml
[9.091s] Invoked command in '/home/youri/action_ws/build/action_tutorials_interfaces' returned '0': CMAKE_PREFIX_PATH=/opt/ros/foxy /usr/bin/cmake --install /home/youri/action_ws/build/action_tutorials_interfaces
